14:10:15.509 [JavaFX Application Thread] DEBUG GameApplication      - Logger initialized
14:10:15.538 [JavaFX Application Thread] DEBUG GameApplication      - Logging settings
Title: Basic Game App
Version: 0.1
Width: 640
Height: 640
Fullscreen: false
Intro: false
Menus: false
Profiling: false
Single step:false
App Mode: DEVELOPER
Menu Key: ESCAPE
Stage Style: DECORATED
Scene Factory: class com.almasb.fxgl.scene.SceneFactory
Dialog Factory: class com.almasb.fxgl.ui.FXGLDialogFactory
UI Factory: class com.almasb.fxgl.ui.FXGLUIFactory
Notification Service: class com.almasb.fxgl.gameplay.notification.XboxNotificationView
Exception Handler: class com.almasb.fxgl.app.FXGLExceptionHandler
14:10:15.538 [JavaFX Application Thread] DEBUG GameApplication      - Starting FXGL
14:10:15.552 [JavaFX Application Thread] INFO  FXGL                 - FXGL-0.5.4 on DESKTOP
14:10:15.553 [JavaFX Application Thread] INFO  FXGL                 - Source code and latest versions at: https://github.com/AlmasB/FXGL
14:10:15.563 [JavaFX Application Thread] INFO  FXGL                 -              Join the FXGL chat at: https://gitter.im/AlmasB/FXGL
14:10:15.565 [JavaFX Application Thread] DEBUG FXGL                 - FXGL started
14:10:15.565 [JavaFX Application Thread] DEBUG FXGL                 - Initializing FXGL
14:10:15.676 [JavaFX Application Thread] DEBUG AssetLoader          - Loading from disk: /assets/ui/cursors/fxgl_default.png
14:10:15.832 [JavaFX Application Thread] DEBUG AssetLoader          - Loading from disk: /assets/ui/fonts/VarelaRound-Regular.ttf
14:10:16.633 [JavaFX Application Thread] DEBUG MainWindow           - Creating a JavaFX scene
14:10:16.695 [JavaFX Application Thread] DEBUG MainWindow           - Target settings size: 640.0 x 640.0
14:10:16.695 [JavaFX Application Thread] DEBUG MainWindow           - Scaled scene size:    640.0 x 640.0
14:10:16.695 [JavaFX Application Thread] DEBUG MainWindow           - Scaled ratio: (1.0, 1.0)
14:10:16.713 [JavaFX Application Thread] DEBUG AssetLoader          - Loading from disk: /assets/ui/css/fxgl_dark.css
14:10:16.720 [JavaFX Application Thread] DEBUG AssetLoader          - Loading from disk: /assets/textures/fxgl_icon.png
14:10:16.759 [JavaFX Application Thread] DEBUG MainWindow           - Opening main window
14:10:17.023 [JavaFX Application Thread] DEBUG MainWindow           - Window border size: (16.0, 39.0)
14:10:17.023 [JavaFX Application Thread] DEBUG MainWindow           - Scaled size: 640.0 x 640.0
14:10:17.023 [JavaFX Application Thread] DEBUG MainWindow           - Scaled ratio: (1.0, 1.0)
14:10:17.024 [JavaFX Application Thread] DEBUG MainWindow           - Scene size: 640.0 x 640.0
14:10:17.024 [JavaFX Application Thread] DEBUG MainWindow           - Stage size: 656.0 x 679.0
14:10:17.141 [ForkJoinPool.commonPool-worker-1] DEBUG FS                   - Loaded DesktopFSService
14:10:17.142 [ForkJoinPool.commonPool-worker-1] DEBUG FXGL                 - Loading FXGL system data
14:10:17.153 [ForkJoinPool.commonPool-worker-1] DEBUG DesktopFSService     - Reading from: system\fxgl.bundle
14:10:17.168 [ForkJoinPool.commonPool-worker-1] DEBUG Bundle               - Logging bundle: FXGL
14:10:17.169 [ForkJoinPool.commonPool-worker-1] DEBUG Bundle               - FXGL.offline.timer.version.check=2020-10-19T13:05:03.376
14:10:17.170 [ForkJoinPool.commonPool-worker-1] DEBUG FXGL                 - Initializing state machine and application states
14:10:17.173 [ForkJoinPool.commonPool-worker-1] DEBUG AssetLoader          - Loading from disk: /assets/ui/cursors/fxgl_default.png
14:10:17.183 [ForkJoinPool.commonPool-worker-1] DEBUG AssetLoader          - Loading from disk: /assets/ui/cursors/fxgl_default.png
14:10:17.196 [ForkJoinPool.commonPool-worker-1] DEBUG AssetLoader          - Loading from cache: /assets/ui/fonts/VarelaRound-Regular.ttf
14:10:17.201 [ForkJoinPool.commonPool-worker-1] DEBUG AssetLoader          - Loading from disk: /assets/ui/cursors/fxgl_default.png
14:10:17.208 [ForkJoinPool.commonPool-worker-1] DEBUG GameScene            - Game scene initialized: 640x640
14:10:17.220 [ForkJoinPool.commonPool-worker-1] DEBUG GameWorld            - Game world initialized
14:10:17.375 [ForkJoinPool.commonPool-worker-1] DEBUG PhysicsWorld         - Physics world initialized: appHeight=640, physics.ppm=50,0
14:10:17.411 [ForkJoinPool.commonPool-worker-1] DEBUG Input                - Registered new binding: Pause - Esc
14:10:17.499 [JavaFX Application Thread] DEBUG FXGL                 - Running preInit()
14:10:17.501 [JavaFX Application Thread] DEBUG Input                - Registered new binding: Screenshot - P
14:10:17.502 [JavaFX Application Thread] DEBUG Input                - Registered new binding: Dev Options - CTRL+0
14:10:17.503 [JavaFX Application Thread] DEBUG Input                - Registered new binding: System info dump - CTRL+9
14:10:17.503 [JavaFX Application Thread] DEBUG Input                - Registered new binding: Restart - CTRL+R
14:10:17.504 [JavaFX Application Thread] DEBUG Input                - Registered new binding: Move Right - D
14:10:17.504 [JavaFX Application Thread] DEBUG Input                - Registered new binding: Move Left - Q
14:10:17.504 [JavaFX Application Thread] DEBUG Input                - Registered new binding: Move Up - Z
14:10:17.504 [JavaFX Application Thread] DEBUG Input                - Registered new binding: Move Down - S
14:10:17.505 [JavaFX Application Thread] INFO  FXGL                 - FXGL initialization took: 1,939 sec
14:10:17.506 [JavaFX Application Thread] DEBUG LoopRunner           - Starting loop
14:10:17.508 [JavaFX Application Thread] DEBUG StartupState         - STARTUP
14:10:17.508 [JavaFX Application Thread] DEBUG GameApplication      - Starting new game
14:10:17.508 [JavaFX Application Thread] DEBUG Input                - Clearing active input actions
14:10:17.510 [JavaFX Application Thread] DEBUG AssetLoader          - Loading from disk: /assets/ui/css/fxgl_dark.css
14:10:17.522 [JavaFX Application Thread] DEBUG AppStateMachine      - StartupState -> LoadingState
14:10:17.531 [FXGL Background Thread 1 ] DEBUG InitAppTask          - Clearing previous game
14:10:17.531 [FXGL Background Thread 1 ] DEBUG GameWorld            - Clearing game world
14:10:17.531 [FXGL Background Thread 1 ] DEBUG PhysicsWorld         - Clearing physics world
14:10:17.531 [FXGL Background Thread 1 ] DEBUG GameScene            - Clearing game scene
14:10:17.533 [FXGL Background Thread 1 ] DEBUG InitAppTask          - Initializing Game
14:10:17.585 [FXGL Background Thread 1 ] DEBUG AssetLoader          - Loading from disk: /assets/json/map5.json
14:10:18.009 [FXGL Background Thread 1 ] DEBUG GameWorld            - Clearing removable entities
14:10:18.009 [FXGL Background Thread 1 ] DEBUG GameWorld            - Setting level from map
14:10:18.040 [FXGL Background Thread 1 ] DEBUG AssetLoader          - Loading from disk: /assets/textures/tiles_12_grand.png
14:10:18.172 [FXGL Background Thread 1 ] DEBUG AssetLoader          - Loading from cache: /assets/textures/tiles_12_grand.png
14:10:18.172 [FXGL Background Thread 1 ] DEBUG AssetLoader          - Loading from cache: /assets/textures/tiles_12_grand.png
14:10:18.172 [FXGL Background Thread 1 ] DEBUG AssetLoader          - Loading from cache: /assets/textures/tiles_12_grand.png
14:10:18.173 [FXGL Background Thread 1 ] DEBUG AssetLoader          - Loading from cache: /assets/textures/tiles_12_grand.png
14:10:18.173 [FXGL Background Thread 1 ] DEBUG AssetLoader          - Loading from cache: /assets/textures/tiles_12_grand.png
14:10:18.173 [FXGL Background Thread 1 ] DEBUG AssetLoader          - Loading from cache: /assets/textures/tiles_12_grand.png
14:10:18.173 [FXGL Background Thread 1 ] DEBUG AssetLoader          - Loading from cache: /assets/textures/tiles_12_grand.png
14:10:18.174 [FXGL Background Thread 1 ] DEBUG AssetLoader          - Loading from cache: /assets/textures/tiles_12_grand.png
14:10:18.174 [FXGL Background Thread 1 ] DEBUG AssetLoader          - Loading from cache: /assets/textures/tiles_12_grand.png
14:10:18.174 [FXGL Background Thread 1 ] DEBUG AssetLoader          - Loading from cache: /assets/textures/tiles_12_grand.png
14:10:18.174 [FXGL Background Thread 1 ] DEBUG AssetLoader          - Loading from cache: /assets/textures/tiles_12_grand.png
14:10:18.174 [FXGL Background Thread 1 ] DEBUG AssetLoader          - Loading from cache: /assets/textures/tiles_12_grand.png
14:10:18.175 [FXGL Background Thread 1 ] DEBUG AssetLoader          - Loading from cache: /assets/textures/tiles_12_grand.png
14:10:18.175 [FXGL Background Thread 1 ] DEBUG AssetLoader          - Loading from cache: /assets/textures/tiles_12_grand.png
14:10:18.175 [FXGL Background Thread 1 ] DEBUG AssetLoader          - Loading from cache: /assets/textures/tiles_12_grand.png
14:10:18.175 [FXGL Background Thread 1 ] DEBUG AssetLoader          - Loading from cache: /assets/textures/tiles_12_grand.png
14:10:18.175 [FXGL Background Thread 1 ] DEBUG AssetLoader          - Loading from cache: /assets/textures/tiles_12_grand.png
14:10:18.177 [FXGL Background Thread 1 ] DEBUG AssetLoader          - Loading from cache: /assets/textures/tiles_12_grand.png
14:10:18.178 [FXGL Background Thread 1 ] DEBUG AssetLoader          - Loading from cache: /assets/textures/tiles_12_grand.png
14:10:18.178 [FXGL Background Thread 1 ] DEBUG AssetLoader          - Loading from cache: /assets/textures/tiles_12_grand.png
14:10:18.178 [FXGL Background Thread 1 ] DEBUG AssetLoader          - Loading from cache: /assets/textures/tiles_12_grand.png
14:10:18.178 [FXGL Background Thread 1 ] DEBUG AssetLoader          - Loading from cache: /assets/textures/tiles_12_grand.png
14:10:18.179 [FXGL Background Thread 1 ] DEBUG AssetLoader          - Loading from cache: /assets/textures/tiles_12_grand.png
14:10:18.179 [FXGL Background Thread 1 ] DEBUG AssetLoader          - Loading from cache: /assets/textures/tiles_12_grand.png
14:10:18.179 [FXGL Background Thread 1 ] DEBUG AssetLoader          - Loading from cache: /assets/textures/tiles_12_grand.png
14:10:18.180 [FXGL Background Thread 1 ] DEBUG AssetLoader          - Loading from cache: /assets/textures/tiles_12_grand.png
14:10:18.180 [FXGL Background Thread 1 ] DEBUG AssetLoader          - Loading from cache: /assets/textures/tiles_12_grand.png
14:10:18.180 [FXGL Background Thread 1 ] DEBUG AssetLoader          - Loading from cache: /assets/textures/tiles_12_grand.png
14:10:18.180 [FXGL Background Thread 1 ] DEBUG AssetLoader          - Loading from cache: /assets/textures/tiles_12_grand.png
14:10:18.181 [FXGL Background Thread 1 ] DEBUG AssetLoader          - Loading from cache: /assets/textures/tiles_12_grand.png
14:10:18.181 [FXGL Background Thread 1 ] DEBUG AssetLoader          - Loading from cache: /assets/textures/tiles_12_grand.png
14:10:18.181 [FXGL Background Thread 1 ] DEBUG AssetLoader          - Loading from cache: /assets/textures/tiles_12_grand.png
14:10:18.181 [FXGL Background Thread 1 ] DEBUG AssetLoader          - Loading from cache: /assets/textures/tiles_12_grand.png
14:10:18.181 [FXGL Background Thread 1 ] DEBUG AssetLoader          - Loading from cache: /assets/textures/tiles_12_grand.png
14:10:18.182 [FXGL Background Thread 1 ] DEBUG AssetLoader          - Loading from cache: /assets/textures/tiles_12_grand.png
14:10:18.182 [FXGL Background Thread 1 ] DEBUG AssetLoader          - Loading from cache: /assets/textures/tiles_12_grand.png
14:10:18.182 [FXGL Background Thread 1 ] DEBUG AssetLoader          - Loading from cache: /assets/textures/tiles_12_grand.png
14:10:18.182 [FXGL Background Thread 1 ] DEBUG AssetLoader          - Loading from cache: /assets/textures/tiles_12_grand.png
14:10:18.182 [FXGL Background Thread 1 ] DEBUG AssetLoader          - Loading from cache: /assets/textures/tiles_12_grand.png
14:10:18.183 [FXGL Background Thread 1 ] DEBUG AssetLoader          - Loading from cache: /assets/textures/tiles_12_grand.png
14:10:18.183 [FXGL Background Thread 1 ] DEBUG AssetLoader          - Loading from cache: /assets/textures/tiles_12_grand.png
14:10:18.183 [FXGL Background Thread 1 ] DEBUG AssetLoader          - Loading from cache: /assets/textures/tiles_12_grand.png
14:10:18.184 [FXGL Background Thread 1 ] DEBUG AssetLoader          - Loading from cache: /assets/textures/tiles_12_grand.png
14:10:18.184 [FXGL Background Thread 1 ] DEBUG AssetLoader          - Loading from cache: /assets/textures/tiles_12_grand.png
14:10:18.184 [FXGL Background Thread 1 ] DEBUG AssetLoader          - Loading from cache: /assets/textures/tiles_12_grand.png
14:10:18.184 [FXGL Background Thread 1 ] DEBUG AssetLoader          - Loading from cache: /assets/textures/tiles_12_grand.png
14:10:18.184 [FXGL Background Thread 1 ] DEBUG AssetLoader          - Loading from cache: /assets/textures/tiles_12_grand.png
14:10:18.185 [FXGL Background Thread 1 ] DEBUG AssetLoader          - Loading from cache: /assets/textures/tiles_12_grand.png
14:10:18.185 [FXGL Background Thread 1 ] DEBUG AssetLoader          - Loading from cache: /assets/textures/tiles_12_grand.png
14:10:18.185 [FXGL Background Thread 1 ] DEBUG AssetLoader          - Loading from cache: /assets/textures/tiles_12_grand.png
14:10:18.185 [FXGL Background Thread 1 ] DEBUG AssetLoader          - Loading from cache: /assets/textures/tiles_12_grand.png
14:10:18.185 [FXGL Background Thread 1 ] DEBUG AssetLoader          - Loading from cache: /assets/textures/tiles_12_grand.png
14:10:18.186 [FXGL Background Thread 1 ] DEBUG AssetLoader          - Loading from cache: /assets/textures/tiles_12_grand.png
14:10:18.186 [FXGL Background Thread 1 ] DEBUG AssetLoader          - Loading from cache: /assets/textures/tiles_12_grand.png
14:10:18.188 [FXGL Background Thread 1 ] DEBUG AssetLoader          - Loading from cache: /assets/textures/tiles_12_grand.png
14:10:18.188 [FXGL Background Thread 1 ] DEBUG AssetLoader          - Loading from cache: /assets/textures/tiles_12_grand.png
14:10:18.188 [FXGL Background Thread 1 ] DEBUG AssetLoader          - Loading from cache: /assets/textures/tiles_12_grand.png
14:10:18.188 [FXGL Background Thread 1 ] DEBUG AssetLoader          - Loading from cache: /assets/textures/tiles_12_grand.png
14:10:18.189 [FXGL Background Thread 1 ] DEBUG AssetLoader          - Loading from cache: /assets/textures/tiles_12_grand.png
14:10:18.189 [FXGL Background Thread 1 ] DEBUG AssetLoader          - Loading from cache: /assets/textures/tiles_12_grand.png
14:10:18.189 [FXGL Background Thread 1 ] DEBUG AssetLoader          - Loading from cache: /assets/textures/tiles_12_grand.png
14:10:18.189 [FXGL Background Thread 1 ] DEBUG AssetLoader          - Loading from cache: /assets/textures/tiles_12_grand.png
14:10:18.190 [FXGL Background Thread 1 ] DEBUG AssetLoader          - Loading from cache: /assets/textures/tiles_12_grand.png
14:10:18.190 [FXGL Background Thread 1 ] DEBUG AssetLoader          - Loading from cache: /assets/textures/tiles_12_grand.png
14:10:18.190 [FXGL Background Thread 1 ] DEBUG AssetLoader          - Loading from cache: /assets/textures/tiles_12_grand.png
14:10:18.190 [FXGL Background Thread 1 ] DEBUG AssetLoader          - Loading from cache: /assets/textures/tiles_12_grand.png
14:10:18.191 [FXGL Background Thread 1 ] DEBUG AssetLoader          - Loading from cache: /assets/textures/tiles_12_grand.png
14:10:18.191 [FXGL Background Thread 1 ] DEBUG AssetLoader          - Loading from cache: /assets/textures/tiles_12_grand.png
14:10:18.191 [FXGL Background Thread 1 ] DEBUG AssetLoader          - Loading from cache: /assets/textures/tiles_12_grand.png
14:10:18.191 [FXGL Background Thread 1 ] DEBUG AssetLoader          - Loading from cache: /assets/textures/tiles_12_grand.png
14:10:18.192 [FXGL Background Thread 1 ] DEBUG AssetLoader          - Loading from cache: /assets/textures/tiles_12_grand.png
14:10:18.192 [FXGL Background Thread 1 ] DEBUG AssetLoader          - Loading from cache: /assets/textures/tiles_12_grand.png
14:10:18.192 [FXGL Background Thread 1 ] DEBUG AssetLoader          - Loading from cache: /assets/textures/tiles_12_grand.png
14:10:18.192 [FXGL Background Thread 1 ] DEBUG AssetLoader          - Loading from cache: /assets/textures/tiles_12_grand.png
14:10:18.193 [FXGL Background Thread 1 ] DEBUG AssetLoader          - Loading from cache: /assets/textures/tiles_12_grand.png
14:10:18.193 [FXGL Background Thread 1 ] DEBUG AssetLoader          - Loading from cache: /assets/textures/tiles_12_grand.png
14:10:18.193 [FXGL Background Thread 1 ] DEBUG AssetLoader          - Loading from cache: /assets/textures/tiles_12_grand.png
14:10:18.193 [FXGL Background Thread 1 ] DEBUG AssetLoader          - Loading from cache: /assets/textures/tiles_12_grand.png
14:10:18.193 [FXGL Background Thread 1 ] DEBUG AssetLoader          - Loading from cache: /assets/textures/tiles_12_grand.png
14:10:18.194 [FXGL Background Thread 1 ] DEBUG AssetLoader          - Loading from cache: /assets/textures/tiles_12_grand.png
14:10:18.194 [FXGL Background Thread 1 ] DEBUG AssetLoader          - Loading from cache: /assets/textures/tiles_12_grand.png
14:10:18.194 [FXGL Background Thread 1 ] DEBUG AssetLoader          - Loading from cache: /assets/textures/tiles_12_grand.png
14:10:18.194 [FXGL Background Thread 1 ] DEBUG AssetLoader          - Loading from cache: /assets/textures/tiles_12_grand.png
14:10:18.195 [FXGL Background Thread 1 ] DEBUG AssetLoader          - Loading from cache: /assets/textures/tiles_12_grand.png
14:10:18.195 [FXGL Background Thread 1 ] DEBUG AssetLoader          - Loading from cache: /assets/textures/tiles_12_grand.png
14:10:18.195 [FXGL Background Thread 1 ] DEBUG AssetLoader          - Loading from cache: /assets/textures/tiles_12_grand.png
14:10:18.195 [FXGL Background Thread 1 ] DEBUG AssetLoader          - Loading from cache: /assets/textures/tiles_12_grand.png
14:10:18.199 [FXGL Background Thread 1 ] DEBUG GameScene            - Creating render group for layer: BACKGROUND(1000)
14:10:18.203 [FXGL Background Thread 1 ] DEBUG AssetLoader          - Loading from cache: /assets/textures/tiles_12_grand.png
14:10:18.203 [FXGL Background Thread 1 ] DEBUG AssetLoader          - Loading from cache: /assets/textures/tiles_12_grand.png
14:10:18.203 [FXGL Background Thread 1 ] DEBUG AssetLoader          - Loading from cache: /assets/textures/tiles_12_grand.png
14:10:18.203 [FXGL Background Thread 1 ] DEBUG AssetLoader          - Loading from cache: /assets/textures/tiles_12_grand.png
14:10:18.204 [FXGL Background Thread 1 ] DEBUG AssetLoader          - Loading from cache: /assets/textures/tiles_12_grand.png
14:10:18.204 [FXGL Background Thread 1 ] DEBUG AssetLoader          - Loading from cache: /assets/textures/tiles_12_grand.png
14:10:18.204 [FXGL Background Thread 1 ] DEBUG AssetLoader          - Loading from cache: /assets/textures/tiles_12_grand.png
14:10:18.204 [FXGL Background Thread 1 ] DEBUG AssetLoader          - Loading from cache: /assets/textures/tiles_12_grand.png
14:10:18.205 [FXGL Background Thread 1 ] DEBUG AssetLoader          - Loading from cache: /assets/textures/tiles_12_grand.png
14:10:18.205 [FXGL Background Thread 1 ] DEBUG AssetLoader          - Loading from cache: /assets/textures/tiles_12_grand.png
14:10:18.205 [FXGL Background Thread 1 ] DEBUG AssetLoader          - Loading from cache: /assets/textures/tiles_12_grand.png
14:10:18.205 [FXGL Background Thread 1 ] DEBUG AssetLoader          - Loading from cache: /assets/textures/tiles_12_grand.png
14:10:18.205 [FXGL Background Thread 1 ] DEBUG AssetLoader          - Loading from cache: /assets/textures/tiles_12_grand.png
14:10:18.206 [FXGL Background Thread 1 ] DEBUG AssetLoader          - Loading from cache: /assets/textures/tiles_12_grand.png
14:10:18.206 [FXGL Background Thread 1 ] DEBUG AssetLoader          - Loading from cache: /assets/textures/tiles_12_grand.png
14:10:18.206 [FXGL Background Thread 1 ] DEBUG AssetLoader          - Loading from cache: /assets/textures/tiles_12_grand.png
14:10:18.206 [FXGL Background Thread 1 ] DEBUG AssetLoader          - Loading from cache: /assets/textures/tiles_12_grand.png
14:10:18.206 [FXGL Background Thread 1 ] DEBUG AssetLoader          - Loading from cache: /assets/textures/tiles_12_grand.png
14:10:18.207 [FXGL Background Thread 1 ] DEBUG AssetLoader          - Loading from cache: /assets/textures/tiles_12_grand.png
14:10:18.207 [FXGL Background Thread 1 ] DEBUG AssetLoader          - Loading from cache: /assets/textures/tiles_12_grand.png
14:10:18.207 [FXGL Background Thread 1 ] DEBUG AssetLoader          - Loading from cache: /assets/textures/tiles_12_grand.png
14:10:18.207 [FXGL Background Thread 1 ] DEBUG AssetLoader          - Loading from cache: /assets/textures/tiles_12_grand.png
14:10:18.207 [FXGL Background Thread 1 ] DEBUG AssetLoader          - Loading from cache: /assets/textures/tiles_12_grand.png
14:10:18.208 [FXGL Background Thread 1 ] DEBUG AssetLoader          - Loading from cache: /assets/textures/tiles_12_grand.png
14:10:18.208 [FXGL Background Thread 1 ] DEBUG AssetLoader          - Loading from cache: /assets/textures/tiles_12_grand.png
14:10:18.208 [FXGL Background Thread 1 ] DEBUG AssetLoader          - Loading from cache: /assets/textures/tiles_12_grand.png
14:10:18.208 [FXGL Background Thread 1 ] DEBUG AssetLoader          - Loading from cache: /assets/textures/tiles_12_grand.png
14:10:18.208 [FXGL Background Thread 1 ] DEBUG AssetLoader          - Loading from cache: /assets/textures/tiles_12_grand.png
14:10:18.208 [FXGL Background Thread 1 ] DEBUG AssetLoader          - Loading from cache: /assets/textures/tiles_12_grand.png
14:10:18.209 [FXGL Background Thread 1 ] DEBUG AssetLoader          - Loading from cache: /assets/textures/tiles_12_grand.png
14:10:18.209 [FXGL Background Thread 1 ] DEBUG AssetLoader          - Loading from cache: /assets/textures/tiles_12_grand.png
14:10:18.209 [FXGL Background Thread 1 ] DEBUG AssetLoader          - Loading from cache: /assets/textures/tiles_12_grand.png
14:10:18.209 [FXGL Background Thread 1 ] DEBUG AssetLoader          - Loading from cache: /assets/textures/tiles_12_grand.png
14:10:18.209 [FXGL Background Thread 1 ] DEBUG AssetLoader          - Loading from cache: /assets/textures/tiles_12_grand.png
14:10:18.210 [FXGL Background Thread 1 ] DEBUG AssetLoader          - Loading from cache: /assets/textures/tiles_12_grand.png
14:10:18.210 [FXGL Background Thread 1 ] DEBUG AssetLoader          - Loading from cache: /assets/textures/tiles_12_grand.png
14:10:18.210 [FXGL Background Thread 1 ] DEBUG AssetLoader          - Loading from cache: /assets/textures/tiles_12_grand.png
14:10:18.210 [FXGL Background Thread 1 ] DEBUG AssetLoader          - Loading from cache: /assets/textures/tiles_12_grand.png
14:10:18.210 [FXGL Background Thread 1 ] DEBUG AssetLoader          - Loading from cache: /assets/textures/tiles_12_grand.png
14:10:18.211 [FXGL Background Thread 1 ] DEBUG AssetLoader          - Loading from cache: /assets/textures/tiles_12_grand.png
14:10:18.211 [FXGL Background Thread 1 ] DEBUG AssetLoader          - Loading from cache: /assets/textures/tiles_12_grand.png
14:10:18.211 [FXGL Background Thread 1 ] DEBUG AssetLoader          - Loading from cache: /assets/textures/tiles_12_grand.png
14:10:18.211 [FXGL Background Thread 1 ] DEBUG AssetLoader          - Loading from cache: /assets/textures/tiles_12_grand.png
14:10:18.211 [FXGL Background Thread 1 ] DEBUG AssetLoader          - Loading from cache: /assets/textures/tiles_12_grand.png
14:10:18.213 [FXGL Background Thread 1 ] DEBUG AssetLoader          - Loading from cache: /assets/textures/tiles_12_grand.png
14:10:18.213 [FXGL Background Thread 1 ] DEBUG AssetLoader          - Loading from cache: /assets/textures/tiles_12_grand.png
14:10:18.213 [FXGL Background Thread 1 ] DEBUG AssetLoader          - Loading from cache: /assets/textures/tiles_12_grand.png
14:10:18.219 [FXGL Background Thread 1 ] DEBUG GameScene            - Creating render group for layer: DEFAULT(100000)
14:10:18.224 [FXGL Background Thread 1 ] DEBUG AssetLoader          - Loading from disk: /assets/textures/mouse_fin.png
14:10:18.231 [FXGL Background Thread 1 ] DEBUG AssetLoader          - Loading from disk: /assets/textures/image.png
14:10:18.237 [FXGL Background Thread 1 ] DEBUG InitAppTask          - Initializing Physics
14:10:18.238 [FXGL Background Thread 1 ] DEBUG InitAppTask          - Initializing UI
14:10:18.238 [FXGL Background Thread 1 ] DEBUG InitAppTask          - Initialization Complete
14:10:18.238 [FXGL Background Thread 1 ] INFO  InitAppTask          - Game initialization took: 0,707 sec
14:10:18.250 [JavaFX Application Thread] DEBUG Input                - Clearing active input actions
14:10:18.250 [JavaFX Application Thread] DEBUG AssetLoader          - Loading from disk: /assets/ui/css/fxgl_dark.css
14:10:18.260 [JavaFX Application Thread] DEBUG AppStateMachine      - LoadingState -> PlayState
14:10:20.086 [JavaFX Application Thread] DEBUG AssetLoader          - Loading from cache: /assets/textures/image.png
14:10:20.635 [JavaFX Application Thread] FATAL FXGL                 - Uncaught Exception:

Fatal exception occurred: java.lang.NullPointerException : null
E: rpgapp.control.PlayerComponent.moveRight(PlayerComponent.java:54)
E: rpgapp.RPGApp$1.onAction(RPGApp.java:87)
E: com.almasb.fxgl.input.UserAction.fireAction(UserAction.java:80)
E: com.almasb.fxgl.input.Input.update(Input.kt:148)
E: com.almasb.fxgl.app.State.update(State.java:71)
E: com.almasb.fxgl.app.AppStateMachine.onUpdate(AppStateMachine.java:100)
E: com.almasb.fxgl.app.FXGL.loop(FXGL.kt:356)
E: com.almasb.fxgl.app.FXGL.access$loop(FXGL.kt:54)
E: com.almasb.fxgl.app.FXGL$loop$1.accept(FXGL.kt:78)
E: com.almasb.fxgl.app.FXGL$loop$1.accept(FXGL.kt:54)
E: com.almasb.fxgl.app.LoopRunner.frame(LoopRunner.kt:88)
E: com.almasb.fxgl.app.LoopRunner.access$frame(LoopRunner.kt:19)
E: com.almasb.fxgl.app.LoopRunner$impl$2$1.handle(LoopRunner.kt:39)
E: javafx.animation.AnimationTimer$AnimationTimerReceiver.lambda$handle$0(AnimationTimer.java:57)
E: java.security.AccessController.doPrivileged(Native Method)
E: javafx.animation.AnimationTimer$AnimationTimerReceiver.handle(AnimationTimer.java:56)
E: com.sun.scenario.animation.AbstractMasterTimer.timePulseImpl(AbstractMasterTimer.java:357)
E: com.sun.scenario.animation.AbstractMasterTimer$MainLoop.run(AbstractMasterTimer.java:267)
E: com.sun.javafx.tk.quantum.QuantumToolkit.pulse(QuantumToolkit.java:557)
E: com.sun.javafx.tk.quantum.QuantumToolkit.pulse(QuantumToolkit.java:541)
E: com.sun.javafx.tk.quantum.QuantumToolkit.pulseFromQueue(QuantumToolkit.java:534)
E: com.sun.javafx.tk.quantum.QuantumToolkit.lambda$runToolkit$11(QuantumToolkit.java:340)
E: com.sun.glass.ui.InvokeLaterDispatcher$Future.run(InvokeLaterDispatcher.java:95)
E: com.sun.glass.ui.win.WinApplication._runLoop(Native Method)
E: com.sun.glass.ui.win.WinApplication.lambda$null$4(WinApplication.java:186)
E: java.lang.Thread.run(Thread.java:748)

14:10:20.636 [JavaFX Application Thread] FATAL FXGL                 - Application will now exit
14:10:20.636 [JavaFX Application Thread] DEBUG LoopRunner           - Stopping loop
14:10:44.512 [JavaFX Application Thread] DEBUG FXGL                 - Exiting FXGL
14:10:44.512 [JavaFX Application Thread] DEBUG FXGL                 - Shutting down background threads
14:10:44.513 [JavaFX Application Thread] DEBUG FXGL                 - Saving FXGL system data
14:10:44.517 [JavaFX Application Thread] DEBUG DesktopFSService     - Writing to: system\fxgl.bundle
14:10:44.527 [JavaFX Application Thread] DEBUG FXGL                 - Closing logger and exiting JavaFX
