17:11:13.401 [JavaFX Application Thread] DEBUG GameApplication      - Logger initialized
17:11:13.423 [JavaFX Application Thread] DEBUG GameApplication      - Logging settings
Title: Basic Game App
Version: 0.1
Width: 640
Height: 640
Fullscreen: false
Intro: false
Menus: false
Profiling: false
Single step:false
App Mode: DEVELOPER
Menu Key: ESCAPE
Stage Style: DECORATED
Scene Factory: class com.almasb.fxgl.scene.SceneFactory
Dialog Factory: class com.almasb.fxgl.ui.FXGLDialogFactory
UI Factory: class com.almasb.fxgl.ui.FXGLUIFactory
Notification Service: class com.almasb.fxgl.gameplay.notification.XboxNotificationView
Exception Handler: class com.almasb.fxgl.app.FXGLExceptionHandler
17:11:13.423 [JavaFX Application Thread] DEBUG GameApplication      - Starting FXGL
17:11:13.433 [JavaFX Application Thread] INFO  FXGL                 - FXGL-0.5.4 on DESKTOP
17:11:13.434 [JavaFX Application Thread] INFO  FXGL                 - Source code and latest versions at: https://github.com/AlmasB/FXGL
17:11:13.434 [JavaFX Application Thread] INFO  FXGL                 -              Join the FXGL chat at: https://gitter.im/AlmasB/FXGL
17:11:13.435 [JavaFX Application Thread] DEBUG FXGL                 - FXGL started
17:11:13.435 [JavaFX Application Thread] DEBUG FXGL                 - Initializing FXGL
17:11:13.508 [JavaFX Application Thread] DEBUG AssetLoader          - Loading from disk: /assets/ui/cursors/fxgl_default.png
17:11:13.578 [JavaFX Application Thread] DEBUG AssetLoader          - Loading from disk: /assets/ui/fonts/VarelaRound-Regular.ttf
17:11:13.804 [JavaFX Application Thread] DEBUG MainWindow           - Creating a JavaFX scene
17:11:13.842 [JavaFX Application Thread] DEBUG MainWindow           - Target settings size: 640.0 x 640.0
17:11:13.842 [JavaFX Application Thread] DEBUG MainWindow           - Scaled scene size:    640.0 x 640.0
17:11:13.842 [JavaFX Application Thread] DEBUG MainWindow           - Scaled ratio: (1.0, 1.0)
17:11:13.855 [JavaFX Application Thread] DEBUG AssetLoader          - Loading from disk: /assets/ui/css/fxgl_dark.css
17:11:13.860 [JavaFX Application Thread] DEBUG AssetLoader          - Loading from disk: /assets/textures/fxgl_icon.png
17:11:13.874 [JavaFX Application Thread] DEBUG MainWindow           - Opening main window
17:11:14.239 [JavaFX Application Thread] DEBUG MainWindow           - Window border size: (16.0, 39.0)
17:11:14.239 [JavaFX Application Thread] DEBUG MainWindow           - Scaled size: 640.0 x 640.0
17:11:14.240 [JavaFX Application Thread] DEBUG MainWindow           - Scaled ratio: (1.0, 1.0)
17:11:14.241 [JavaFX Application Thread] DEBUG MainWindow           - Scene size: 640.0 x 640.0
17:11:14.242 [JavaFX Application Thread] DEBUG MainWindow           - Stage size: 656.0 x 679.0
17:11:14.383 [ForkJoinPool.commonPool-worker-1] DEBUG FS                   - Loaded DesktopFSService
17:11:14.384 [ForkJoinPool.commonPool-worker-1] DEBUG FXGL                 - Loading FXGL system data
17:11:14.402 [ForkJoinPool.commonPool-worker-1] DEBUG DesktopFSService     - Reading from: system\fxgl.bundle
17:11:14.423 [ForkJoinPool.commonPool-worker-1] DEBUG Bundle               - Logging bundle: FXGL
17:11:14.425 [ForkJoinPool.commonPool-worker-1] DEBUG Bundle               - FXGL.offline.timer.version.check=2020-10-26T16:28:24.803
17:11:14.426 [ForkJoinPool.commonPool-worker-1] DEBUG FXGL                 - Initializing state machine and application states
17:11:14.432 [ForkJoinPool.commonPool-worker-1] DEBUG AssetLoader          - Loading from disk: /assets/ui/cursors/fxgl_default.png
17:11:14.443 [ForkJoinPool.commonPool-worker-1] DEBUG AssetLoader          - Loading from disk: /assets/ui/cursors/fxgl_default.png
17:11:14.458 [ForkJoinPool.commonPool-worker-1] DEBUG AssetLoader          - Loading from cache: /assets/ui/fonts/VarelaRound-Regular.ttf
17:11:14.466 [ForkJoinPool.commonPool-worker-1] DEBUG AssetLoader          - Loading from disk: /assets/ui/cursors/fxgl_default.png
17:11:14.473 [ForkJoinPool.commonPool-worker-1] DEBUG GameScene            - Game scene initialized: 640x640
17:11:14.506 [ForkJoinPool.commonPool-worker-1] DEBUG GameWorld            - Game world initialized
17:11:14.581 [ForkJoinPool.commonPool-worker-1] DEBUG PhysicsWorld         - Physics world initialized: appHeight=640, physics.ppm=50,0
17:11:14.619 [ForkJoinPool.commonPool-worker-1] DEBUG Input                - Registered new binding: Pause - Esc
17:11:14.734 [JavaFX Application Thread] DEBUG FXGL                 - Running preInit()
17:11:14.737 [JavaFX Application Thread] DEBUG Input                - Registered new binding: Screenshot - P
17:11:14.737 [JavaFX Application Thread] DEBUG Input                - Registered new binding: Dev Options - CTRL+0
17:11:14.738 [JavaFX Application Thread] DEBUG Input                - Registered new binding: System info dump - CTRL+9
17:11:14.738 [JavaFX Application Thread] DEBUG Input                - Registered new binding: Restart - CTRL+R
17:11:14.739 [JavaFX Application Thread] DEBUG Input                - Registered new binding: Move Right - D
17:11:14.739 [JavaFX Application Thread] DEBUG Input                - Registered new binding: Move Left - Q
17:11:14.739 [JavaFX Application Thread] DEBUG Input                - Registered new binding: Move Up - Z
17:11:14.739 [JavaFX Application Thread] DEBUG Input                - Registered new binding: Move Down - S
17:11:14.740 [JavaFX Application Thread] INFO  FXGL                 - FXGL initialization took: 1,306 sec
17:11:14.741 [JavaFX Application Thread] DEBUG LoopRunner           - Starting loop
17:11:14.743 [JavaFX Application Thread] DEBUG StartupState         - STARTUP
17:11:14.744 [JavaFX Application Thread] DEBUG GameApplication      - Starting new game
17:11:14.744 [JavaFX Application Thread] DEBUG Input                - Clearing active input actions
17:11:14.747 [JavaFX Application Thread] DEBUG AssetLoader          - Loading from disk: /assets/ui/css/fxgl_dark.css
17:11:14.755 [JavaFX Application Thread] DEBUG AppStateMachine      - StartupState -> LoadingState
17:11:14.803 [FXGL Background Thread 1 ] DEBUG InitAppTask          - Clearing previous game
17:11:14.803 [FXGL Background Thread 1 ] DEBUG GameWorld            - Clearing game world
17:11:14.807 [FXGL Background Thread 1 ] DEBUG PhysicsWorld         - Clearing physics world
17:11:14.808 [FXGL Background Thread 1 ] DEBUG GameScene            - Clearing game scene
17:11:14.817 [FXGL Background Thread 1 ] DEBUG InitAppTask          - Initializing Game
17:11:14.857 [FXGL Background Thread 1 ] DEBUG AssetLoader          - Loading from disk: /assets/json/map5.json
17:11:15.376 [FXGL Background Thread 1 ] DEBUG GameWorld            - Clearing removable entities
17:11:15.378 [FXGL Background Thread 1 ] DEBUG GameWorld            - Setting level from map
17:11:15.409 [FXGL Background Thread 1 ] DEBUG AssetLoader          - Loading from disk: /assets/textures/tiles_12_grand.png
17:11:15.503 [FXGL Background Thread 1 ] DEBUG AssetLoader          - Loading from cache: /assets/textures/tiles_12_grand.png
17:11:15.503 [FXGL Background Thread 1 ] DEBUG AssetLoader          - Loading from cache: /assets/textures/tiles_12_grand.png
17:11:15.504 [FXGL Background Thread 1 ] DEBUG AssetLoader          - Loading from cache: /assets/textures/tiles_12_grand.png
17:11:15.504 [FXGL Background Thread 1 ] DEBUG AssetLoader          - Loading from cache: /assets/textures/tiles_12_grand.png
17:11:15.504 [FXGL Background Thread 1 ] DEBUG AssetLoader          - Loading from cache: /assets/textures/tiles_12_grand.png
17:11:15.504 [FXGL Background Thread 1 ] DEBUG AssetLoader          - Loading from cache: /assets/textures/tiles_12_grand.png
17:11:15.505 [FXGL Background Thread 1 ] DEBUG AssetLoader          - Loading from cache: /assets/textures/tiles_12_grand.png
17:11:15.505 [FXGL Background Thread 1 ] DEBUG AssetLoader          - Loading from cache: /assets/textures/tiles_12_grand.png
17:11:15.505 [FXGL Background Thread 1 ] DEBUG AssetLoader          - Loading from cache: /assets/textures/tiles_12_grand.png
17:11:15.505 [FXGL Background Thread 1 ] DEBUG AssetLoader          - Loading from cache: /assets/textures/tiles_12_grand.png
17:11:15.505 [FXGL Background Thread 1 ] DEBUG AssetLoader          - Loading from cache: /assets/textures/tiles_12_grand.png
17:11:15.505 [FXGL Background Thread 1 ] DEBUG AssetLoader          - Loading from cache: /assets/textures/tiles_12_grand.png
17:11:15.505 [FXGL Background Thread 1 ] DEBUG AssetLoader          - Loading from cache: /assets/textures/tiles_12_grand.png
17:11:15.505 [FXGL Background Thread 1 ] DEBUG AssetLoader          - Loading from cache: /assets/textures/tiles_12_grand.png
17:11:15.507 [FXGL Background Thread 1 ] DEBUG AssetLoader          - Loading from cache: /assets/textures/tiles_12_grand.png
17:11:15.507 [FXGL Background Thread 1 ] DEBUG AssetLoader          - Loading from cache: /assets/textures/tiles_12_grand.png
17:11:15.507 [FXGL Background Thread 1 ] DEBUG AssetLoader          - Loading from cache: /assets/textures/tiles_12_grand.png
17:11:15.507 [FXGL Background Thread 1 ] DEBUG AssetLoader          - Loading from cache: /assets/textures/tiles_12_grand.png
17:11:15.507 [FXGL Background Thread 1 ] DEBUG AssetLoader          - Loading from cache: /assets/textures/tiles_12_grand.png
17:11:15.507 [FXGL Background Thread 1 ] DEBUG AssetLoader          - Loading from cache: /assets/textures/tiles_12_grand.png
17:11:15.507 [FXGL Background Thread 1 ] DEBUG AssetLoader          - Loading from cache: /assets/textures/tiles_12_grand.png
17:11:15.508 [FXGL Background Thread 1 ] DEBUG AssetLoader          - Loading from cache: /assets/textures/tiles_12_grand.png
17:11:15.508 [FXGL Background Thread 1 ] DEBUG AssetLoader          - Loading from cache: /assets/textures/tiles_12_grand.png
17:11:15.508 [FXGL Background Thread 1 ] DEBUG AssetLoader          - Loading from cache: /assets/textures/tiles_12_grand.png
17:11:15.508 [FXGL Background Thread 1 ] DEBUG AssetLoader          - Loading from cache: /assets/textures/tiles_12_grand.png
17:11:15.508 [FXGL Background Thread 1 ] DEBUG AssetLoader          - Loading from cache: /assets/textures/tiles_12_grand.png
17:11:15.508 [FXGL Background Thread 1 ] DEBUG AssetLoader          - Loading from cache: /assets/textures/tiles_12_grand.png
17:11:15.508 [FXGL Background Thread 1 ] DEBUG AssetLoader          - Loading from cache: /assets/textures/tiles_12_grand.png
17:11:15.508 [FXGL Background Thread 1 ] DEBUG AssetLoader          - Loading from cache: /assets/textures/tiles_12_grand.png
17:11:15.509 [FXGL Background Thread 1 ] DEBUG AssetLoader          - Loading from cache: /assets/textures/tiles_12_grand.png
17:11:15.509 [FXGL Background Thread 1 ] DEBUG AssetLoader          - Loading from cache: /assets/textures/tiles_12_grand.png
17:11:15.509 [FXGL Background Thread 1 ] DEBUG AssetLoader          - Loading from cache: /assets/textures/tiles_12_grand.png
17:11:15.509 [FXGL Background Thread 1 ] DEBUG AssetLoader          - Loading from cache: /assets/textures/tiles_12_grand.png
17:11:15.509 [FXGL Background Thread 1 ] DEBUG AssetLoader          - Loading from cache: /assets/textures/tiles_12_grand.png
17:11:15.509 [FXGL Background Thread 1 ] DEBUG AssetLoader          - Loading from cache: /assets/textures/tiles_12_grand.png
17:11:15.509 [FXGL Background Thread 1 ] DEBUG AssetLoader          - Loading from cache: /assets/textures/tiles_12_grand.png
17:11:15.510 [FXGL Background Thread 1 ] DEBUG AssetLoader          - Loading from cache: /assets/textures/tiles_12_grand.png
17:11:15.510 [FXGL Background Thread 1 ] DEBUG AssetLoader          - Loading from cache: /assets/textures/tiles_12_grand.png
17:11:15.510 [FXGL Background Thread 1 ] DEBUG AssetLoader          - Loading from cache: /assets/textures/tiles_12_grand.png
17:11:15.510 [FXGL Background Thread 1 ] DEBUG AssetLoader          - Loading from cache: /assets/textures/tiles_12_grand.png
17:11:15.511 [FXGL Background Thread 1 ] DEBUG AssetLoader          - Loading from cache: /assets/textures/tiles_12_grand.png
17:11:15.512 [FXGL Background Thread 1 ] DEBUG AssetLoader          - Loading from cache: /assets/textures/tiles_12_grand.png
17:11:15.512 [FXGL Background Thread 1 ] DEBUG AssetLoader          - Loading from cache: /assets/textures/tiles_12_grand.png
17:11:15.512 [FXGL Background Thread 1 ] DEBUG AssetLoader          - Loading from cache: /assets/textures/tiles_12_grand.png
17:11:15.513 [FXGL Background Thread 1 ] DEBUG AssetLoader          - Loading from cache: /assets/textures/tiles_12_grand.png
17:11:15.513 [FXGL Background Thread 1 ] DEBUG AssetLoader          - Loading from cache: /assets/textures/tiles_12_grand.png
17:11:15.513 [FXGL Background Thread 1 ] DEBUG AssetLoader          - Loading from cache: /assets/textures/tiles_12_grand.png
17:11:15.513 [FXGL Background Thread 1 ] DEBUG AssetLoader          - Loading from cache: /assets/textures/tiles_12_grand.png
17:11:15.513 [FXGL Background Thread 1 ] DEBUG AssetLoader          - Loading from cache: /assets/textures/tiles_12_grand.png
17:11:15.513 [FXGL Background Thread 1 ] DEBUG AssetLoader          - Loading from cache: /assets/textures/tiles_12_grand.png
17:11:15.513 [FXGL Background Thread 1 ] DEBUG AssetLoader          - Loading from cache: /assets/textures/tiles_12_grand.png
17:11:15.513 [FXGL Background Thread 1 ] DEBUG AssetLoader          - Loading from cache: /assets/textures/tiles_12_grand.png
17:11:15.514 [FXGL Background Thread 1 ] DEBUG AssetLoader          - Loading from cache: /assets/textures/tiles_12_grand.png
17:11:15.514 [FXGL Background Thread 1 ] DEBUG AssetLoader          - Loading from cache: /assets/textures/tiles_12_grand.png
17:11:15.514 [FXGL Background Thread 1 ] DEBUG AssetLoader          - Loading from cache: /assets/textures/tiles_12_grand.png
17:11:15.516 [FXGL Background Thread 1 ] DEBUG AssetLoader          - Loading from cache: /assets/textures/tiles_12_grand.png
17:11:15.517 [FXGL Background Thread 1 ] DEBUG AssetLoader          - Loading from cache: /assets/textures/tiles_12_grand.png
17:11:15.517 [FXGL Background Thread 1 ] DEBUG AssetLoader          - Loading from cache: /assets/textures/tiles_12_grand.png
17:11:15.517 [FXGL Background Thread 1 ] DEBUG AssetLoader          - Loading from cache: /assets/textures/tiles_12_grand.png
17:11:15.517 [FXGL Background Thread 1 ] DEBUG AssetLoader          - Loading from cache: /assets/textures/tiles_12_grand.png
17:11:15.518 [FXGL Background Thread 1 ] DEBUG AssetLoader          - Loading from cache: /assets/textures/tiles_12_grand.png
17:11:15.518 [FXGL Background Thread 1 ] DEBUG AssetLoader          - Loading from cache: /assets/textures/tiles_12_grand.png
17:11:15.519 [FXGL Background Thread 1 ] DEBUG AssetLoader          - Loading from cache: /assets/textures/tiles_12_grand.png
17:11:15.519 [FXGL Background Thread 1 ] DEBUG AssetLoader          - Loading from cache: /assets/textures/tiles_12_grand.png
17:11:15.519 [FXGL Background Thread 1 ] DEBUG AssetLoader          - Loading from cache: /assets/textures/tiles_12_grand.png
17:11:15.520 [FXGL Background Thread 1 ] DEBUG AssetLoader          - Loading from cache: /assets/textures/tiles_12_grand.png
17:11:15.520 [FXGL Background Thread 1 ] DEBUG AssetLoader          - Loading from cache: /assets/textures/tiles_12_grand.png
17:11:15.521 [FXGL Background Thread 1 ] DEBUG AssetLoader          - Loading from cache: /assets/textures/tiles_12_grand.png
17:11:15.521 [FXGL Background Thread 1 ] DEBUG AssetLoader          - Loading from cache: /assets/textures/tiles_12_grand.png
17:11:15.521 [FXGL Background Thread 1 ] DEBUG AssetLoader          - Loading from cache: /assets/textures/tiles_12_grand.png
17:11:15.522 [FXGL Background Thread 1 ] DEBUG AssetLoader          - Loading from cache: /assets/textures/tiles_12_grand.png
17:11:15.522 [FXGL Background Thread 1 ] DEBUG AssetLoader          - Loading from cache: /assets/textures/tiles_12_grand.png
17:11:15.522 [FXGL Background Thread 1 ] DEBUG AssetLoader          - Loading from cache: /assets/textures/tiles_12_grand.png
17:11:15.522 [FXGL Background Thread 1 ] DEBUG AssetLoader          - Loading from cache: /assets/textures/tiles_12_grand.png
17:11:15.522 [FXGL Background Thread 1 ] DEBUG AssetLoader          - Loading from cache: /assets/textures/tiles_12_grand.png
17:11:15.522 [FXGL Background Thread 1 ] DEBUG AssetLoader          - Loading from cache: /assets/textures/tiles_12_grand.png
17:11:15.522 [FXGL Background Thread 1 ] DEBUG AssetLoader          - Loading from cache: /assets/textures/tiles_12_grand.png
17:11:15.522 [FXGL Background Thread 1 ] DEBUG AssetLoader          - Loading from cache: /assets/textures/tiles_12_grand.png
17:11:15.523 [FXGL Background Thread 1 ] DEBUG AssetLoader          - Loading from cache: /assets/textures/tiles_12_grand.png
17:11:15.523 [FXGL Background Thread 1 ] DEBUG AssetLoader          - Loading from cache: /assets/textures/tiles_12_grand.png
17:11:15.523 [FXGL Background Thread 1 ] DEBUG AssetLoader          - Loading from cache: /assets/textures/tiles_12_grand.png
17:11:15.523 [FXGL Background Thread 1 ] DEBUG AssetLoader          - Loading from cache: /assets/textures/tiles_12_grand.png
17:11:15.523 [FXGL Background Thread 1 ] DEBUG AssetLoader          - Loading from cache: /assets/textures/tiles_12_grand.png
17:11:15.523 [FXGL Background Thread 1 ] DEBUG AssetLoader          - Loading from cache: /assets/textures/tiles_12_grand.png
17:11:15.523 [FXGL Background Thread 1 ] DEBUG AssetLoader          - Loading from cache: /assets/textures/tiles_12_grand.png
17:11:15.525 [FXGL Background Thread 1 ] DEBUG AssetLoader          - Loading from cache: /assets/textures/tiles_12_grand.png
17:11:15.526 [FXGL Background Thread 1 ] DEBUG AssetLoader          - Loading from cache: /assets/textures/tiles_12_grand.png
17:11:15.531 [FXGL Background Thread 1 ] DEBUG GameScene            - Creating render group for layer: BACKGROUND(1000)
17:11:15.536 [FXGL Background Thread 1 ] DEBUG AssetLoader          - Loading from cache: /assets/textures/tiles_12_grand.png
17:11:15.536 [FXGL Background Thread 1 ] DEBUG AssetLoader          - Loading from cache: /assets/textures/tiles_12_grand.png
17:11:15.536 [FXGL Background Thread 1 ] DEBUG AssetLoader          - Loading from cache: /assets/textures/tiles_12_grand.png
17:11:15.536 [FXGL Background Thread 1 ] DEBUG AssetLoader          - Loading from cache: /assets/textures/tiles_12_grand.png
17:11:15.536 [FXGL Background Thread 1 ] DEBUG AssetLoader          - Loading from cache: /assets/textures/tiles_12_grand.png
17:11:15.536 [FXGL Background Thread 1 ] DEBUG AssetLoader          - Loading from cache: /assets/textures/tiles_12_grand.png
17:11:15.536 [FXGL Background Thread 1 ] DEBUG AssetLoader          - Loading from cache: /assets/textures/tiles_12_grand.png
17:11:15.537 [FXGL Background Thread 1 ] DEBUG AssetLoader          - Loading from cache: /assets/textures/tiles_12_grand.png
17:11:15.537 [FXGL Background Thread 1 ] DEBUG AssetLoader          - Loading from cache: /assets/textures/tiles_12_grand.png
17:11:15.537 [FXGL Background Thread 1 ] DEBUG AssetLoader          - Loading from cache: /assets/textures/tiles_12_grand.png
17:11:15.537 [FXGL Background Thread 1 ] DEBUG AssetLoader          - Loading from cache: /assets/textures/tiles_12_grand.png
17:11:15.537 [FXGL Background Thread 1 ] DEBUG AssetLoader          - Loading from cache: /assets/textures/tiles_12_grand.png
17:11:15.537 [FXGL Background Thread 1 ] DEBUG AssetLoader          - Loading from cache: /assets/textures/tiles_12_grand.png
17:11:15.537 [FXGL Background Thread 1 ] DEBUG AssetLoader          - Loading from cache: /assets/textures/tiles_12_grand.png
17:11:15.537 [FXGL Background Thread 1 ] DEBUG AssetLoader          - Loading from cache: /assets/textures/tiles_12_grand.png
17:11:15.538 [FXGL Background Thread 1 ] DEBUG AssetLoader          - Loading from cache: /assets/textures/tiles_12_grand.png
17:11:15.538 [FXGL Background Thread 1 ] DEBUG AssetLoader          - Loading from cache: /assets/textures/tiles_12_grand.png
17:11:15.538 [FXGL Background Thread 1 ] DEBUG AssetLoader          - Loading from cache: /assets/textures/tiles_12_grand.png
17:11:15.538 [FXGL Background Thread 1 ] DEBUG AssetLoader          - Loading from cache: /assets/textures/tiles_12_grand.png
17:11:15.538 [FXGL Background Thread 1 ] DEBUG AssetLoader          - Loading from cache: /assets/textures/tiles_12_grand.png
17:11:15.538 [FXGL Background Thread 1 ] DEBUG AssetLoader          - Loading from cache: /assets/textures/tiles_12_grand.png
17:11:15.538 [FXGL Background Thread 1 ] DEBUG AssetLoader          - Loading from cache: /assets/textures/tiles_12_grand.png
17:11:15.538 [FXGL Background Thread 1 ] DEBUG AssetLoader          - Loading from cache: /assets/textures/tiles_12_grand.png
17:11:15.538 [FXGL Background Thread 1 ] DEBUG AssetLoader          - Loading from cache: /assets/textures/tiles_12_grand.png
17:11:15.539 [FXGL Background Thread 1 ] DEBUG AssetLoader          - Loading from cache: /assets/textures/tiles_12_grand.png
17:11:15.539 [FXGL Background Thread 1 ] DEBUG AssetLoader          - Loading from cache: /assets/textures/tiles_12_grand.png
17:11:15.539 [FXGL Background Thread 1 ] DEBUG AssetLoader          - Loading from cache: /assets/textures/tiles_12_grand.png
17:11:15.539 [FXGL Background Thread 1 ] DEBUG AssetLoader          - Loading from cache: /assets/textures/tiles_12_grand.png
17:11:15.539 [FXGL Background Thread 1 ] DEBUG AssetLoader          - Loading from cache: /assets/textures/tiles_12_grand.png
17:11:15.539 [FXGL Background Thread 1 ] DEBUG AssetLoader          - Loading from cache: /assets/textures/tiles_12_grand.png
17:11:15.539 [FXGL Background Thread 1 ] DEBUG AssetLoader          - Loading from cache: /assets/textures/tiles_12_grand.png
17:11:15.539 [FXGL Background Thread 1 ] DEBUG AssetLoader          - Loading from cache: /assets/textures/tiles_12_grand.png
17:11:15.539 [FXGL Background Thread 1 ] DEBUG AssetLoader          - Loading from cache: /assets/textures/tiles_12_grand.png
17:11:15.540 [FXGL Background Thread 1 ] DEBUG AssetLoader          - Loading from cache: /assets/textures/tiles_12_grand.png
17:11:15.540 [FXGL Background Thread 1 ] DEBUG AssetLoader          - Loading from cache: /assets/textures/tiles_12_grand.png
17:11:15.540 [FXGL Background Thread 1 ] DEBUG AssetLoader          - Loading from cache: /assets/textures/tiles_12_grand.png
17:11:15.540 [FXGL Background Thread 1 ] DEBUG AssetLoader          - Loading from cache: /assets/textures/tiles_12_grand.png
17:11:15.540 [FXGL Background Thread 1 ] DEBUG AssetLoader          - Loading from cache: /assets/textures/tiles_12_grand.png
17:11:15.540 [FXGL Background Thread 1 ] DEBUG AssetLoader          - Loading from cache: /assets/textures/tiles_12_grand.png
17:11:15.540 [FXGL Background Thread 1 ] DEBUG AssetLoader          - Loading from cache: /assets/textures/tiles_12_grand.png
17:11:15.540 [FXGL Background Thread 1 ] DEBUG AssetLoader          - Loading from cache: /assets/textures/tiles_12_grand.png
17:11:15.541 [FXGL Background Thread 1 ] DEBUG AssetLoader          - Loading from cache: /assets/textures/tiles_12_grand.png
17:11:15.541 [FXGL Background Thread 1 ] DEBUG AssetLoader          - Loading from cache: /assets/textures/tiles_12_grand.png
17:11:15.541 [FXGL Background Thread 1 ] DEBUG AssetLoader          - Loading from cache: /assets/textures/tiles_12_grand.png
17:11:15.542 [FXGL Background Thread 1 ] DEBUG AssetLoader          - Loading from cache: /assets/textures/tiles_12_grand.png
17:11:15.543 [FXGL Background Thread 1 ] DEBUG AssetLoader          - Loading from cache: /assets/textures/tiles_12_grand.png
17:11:15.543 [FXGL Background Thread 1 ] DEBUG AssetLoader          - Loading from cache: /assets/textures/tiles_12_grand.png
17:11:15.548 [FXGL Background Thread 1 ] DEBUG GameScene            - Creating render group for layer: DEFAULT(100000)
17:11:15.553 [FXGL Background Thread 1 ] DEBUG AssetLoader          - Loading from disk: /assets/textures/mouse_fin.png
17:11:15.562 [FXGL Background Thread 1 ] DEBUG AssetLoader          - Loading from disk: /assets/textures/pnj.png
17:11:15.568 [FXGL Background Thread 1 ] DEBUG AssetLoader          - Loading from cache: /assets/textures/pnj.png
17:11:15.568 [FXGL Background Thread 1 ] DEBUG AssetLoader          - Loading from cache: /assets/textures/pnj.png
17:11:15.569 [FXGL Background Thread 1 ] DEBUG AssetLoader          - Loading from cache: /assets/textures/pnj.png
17:11:15.570 [FXGL Background Thread 1 ] DEBUG AssetLoader          - Loading from disk: /assets/textures/image.png
17:11:15.579 [FXGL Background Thread 1 ] DEBUG InitAppTask          - Initializing Physics
17:11:15.581 [FXGL Background Thread 1 ] DEBUG InitAppTask          - Initializing UI
17:11:15.581 [FXGL Background Thread 1 ] DEBUG InitAppTask          - Initialization Complete
17:11:15.581 [FXGL Background Thread 1 ] INFO  InitAppTask          - Game initialization took: 0,778 sec
17:11:15.588 [JavaFX Application Thread] DEBUG Input                - Clearing active input actions
17:11:15.588 [JavaFX Application Thread] DEBUG AssetLoader          - Loading from disk: /assets/ui/css/fxgl_dark.css
17:11:15.600 [JavaFX Application Thread] DEBUG AppStateMachine      - LoadingState -> PlayState
17:11:19.068 [JavaFX Application Thread] DEBUG AssetLoader          - Loading from cache: /assets/textures/image.png
17:11:19.274 [JavaFX Application Thread] DEBUG AssetLoader          - Loading from cache: /assets/textures/image.png
17:11:19.742 [JavaFX Application Thread] DEBUG AssetLoader          - Loading from cache: /assets/ui/fonts/VarelaRound-Regular.ttf
17:11:19.747 [JavaFX Application Thread] DEBUG AssetLoader          - Loading from cache: /assets/ui/fonts/VarelaRound-Regular.ttf
17:11:19.749 [JavaFX Application Thread] DEBUG AssetLoader          - Loading from disk: /assets/properties/languages/english.properties
17:11:19.754 [JavaFX Application Thread] DEBUG AssetLoader          - Loading from cache: /assets/ui/fonts/VarelaRound-Regular.ttf
17:11:19.754 [JavaFX Application Thread] DEBUG AppStateMachine      - Push state: DialogSubState
17:11:19.754 [JavaFX Application Thread] DEBUG Input                - Clearing active input actions
17:11:19.756 [JavaFX Application Thread] DEBUG AppStateMachine      - PlayState -> DialogSubState
17:11:19.960 [JavaFX Application Thread] DEBUG AssetLoader          - Loading from cache: /assets/ui/fonts/VarelaRound-Regular.ttf
17:11:19.960 [JavaFX Application Thread] DEBUG AssetLoader          - Loading from cache: /assets/ui/fonts/VarelaRound-Regular.ttf
17:11:19.960 [JavaFX Application Thread] DEBUG AssetLoader          - Loading from cache: /assets/properties/languages/english.properties
17:11:19.962 [JavaFX Application Thread] DEBUG AssetLoader          - Loading from cache: /assets/ui/fonts/VarelaRound-Regular.ttf
17:11:20.163 [JavaFX Application Thread] DEBUG AssetLoader          - Loading from cache: /assets/ui/fonts/VarelaRound-Regular.ttf
17:11:20.164 [JavaFX Application Thread] DEBUG AssetLoader          - Loading from cache: /assets/ui/fonts/VarelaRound-Regular.ttf
17:11:20.164 [JavaFX Application Thread] DEBUG AssetLoader          - Loading from cache: /assets/properties/languages/english.properties
17:11:20.164 [JavaFX Application Thread] DEBUG AssetLoader          - Loading from cache: /assets/ui/fonts/VarelaRound-Regular.ttf
17:11:20.365 [JavaFX Application Thread] DEBUG AssetLoader          - Loading from cache: /assets/ui/fonts/VarelaRound-Regular.ttf
17:11:20.365 [JavaFX Application Thread] DEBUG AssetLoader          - Loading from cache: /assets/ui/fonts/VarelaRound-Regular.ttf
17:11:20.365 [JavaFX Application Thread] DEBUG AssetLoader          - Loading from cache: /assets/properties/languages/english.properties
17:11:20.366 [JavaFX Application Thread] DEBUG AssetLoader          - Loading from cache: /assets/ui/fonts/VarelaRound-Regular.ttf
17:11:20.366 [JavaFX Application Thread] DEBUG AssetLoader          - Loading from cache: /assets/textures/image.png
17:11:24.856 [JavaFX Application Thread] DEBUG AssetLoader          - Loading from cache: /assets/ui/fonts/VarelaRound-Regular.ttf
17:11:24.870 [JavaFX Application Thread] DEBUG AssetLoader          - Loading from cache: /assets/sounds/menu/select.wav
17:11:26.862 [JavaFX Application Thread] DEBUG AssetLoader          - Loading from cache: /assets/ui/fonts/VarelaRound-Regular.ttf
17:11:26.872 [JavaFX Application Thread] DEBUG AssetLoader          - Loading from cache: /assets/sounds/menu/select.wav
17:11:27.190 [JavaFX Application Thread] DEBUG AssetLoader          - Loading from cache: /assets/ui/fonts/VarelaRound-Regular.ttf
17:11:27.208 [JavaFX Application Thread] DEBUG AssetLoader          - Loading from cache: /assets/sounds/menu/select.wav
17:11:29.813 [JavaFX Application Thread] DEBUG AppStateMachine      - Pop state: DialogSubState
17:11:29.813 [JavaFX Application Thread] DEBUG Input                - Clearing active input actions
17:11:29.813 [JavaFX Application Thread] DEBUG AppStateMachine      - PlayState <- DialogSubState
17:11:35.116 [JavaFX Application Thread] DEBUG AssetLoader          - Loading from cache: /assets/textures/image.png
17:11:35.908 [JavaFX Application Thread] DEBUG AssetLoader          - Loading from cache: /assets/textures/image.png
17:11:35.910 [JavaFX Application Thread] DEBUG AssetLoader          - Loading from cache: /assets/textures/image.png
17:11:35.924 [JavaFX Application Thread] DEBUG AssetLoader          - Loading from cache: /assets/textures/image.png
17:11:35.940 [JavaFX Application Thread] DEBUG AssetLoader          - Loading from cache: /assets/textures/image.png
17:11:35.955 [JavaFX Application Thread] DEBUG AssetLoader          - Loading from cache: /assets/textures/image.png
17:11:35.972 [JavaFX Application Thread] DEBUG AssetLoader          - Loading from cache: /assets/textures/image.png
17:11:35.988 [JavaFX Application Thread] DEBUG AssetLoader          - Loading from cache: /assets/textures/image.png
17:11:36.003 [JavaFX Application Thread] DEBUG AssetLoader          - Loading from cache: /assets/textures/image.png
17:11:36.019 [JavaFX Application Thread] DEBUG AssetLoader          - Loading from cache: /assets/textures/image.png
17:11:37.811 [JavaFX Application Thread] DEBUG AssetLoader          - Loading from cache: /assets/textures/image.png
17:11:37.815 [JavaFX Application Thread] DEBUG AssetLoader          - Loading from cache: /assets/textures/image.png
17:11:37.824 [JavaFX Application Thread] DEBUG AssetLoader          - Loading from cache: /assets/textures/image.png
17:11:37.827 [JavaFX Application Thread] DEBUG AssetLoader          - Loading from cache: /assets/textures/image.png
17:11:37.843 [JavaFX Application Thread] DEBUG AssetLoader          - Loading from cache: /assets/textures/image.png
17:11:37.860 [JavaFX Application Thread] DEBUG AssetLoader          - Loading from cache: /assets/textures/image.png
17:11:37.876 [JavaFX Application Thread] DEBUG AssetLoader          - Loading from cache: /assets/textures/image.png
17:11:37.892 [JavaFX Application Thread] DEBUG AssetLoader          - Loading from cache: /assets/textures/image.png
17:11:37.923 [JavaFX Application Thread] DEBUG AssetLoader          - Loading from cache: /assets/textures/image.png
17:11:37.939 [JavaFX Application Thread] DEBUG AssetLoader          - Loading from cache: /assets/textures/image.png
17:11:37.955 [JavaFX Application Thread] DEBUG AssetLoader          - Loading from cache: /assets/textures/image.png
17:11:37.971 [JavaFX Application Thread] DEBUG AssetLoader          - Loading from cache: /assets/textures/image.png
17:11:39.187 [JavaFX Application Thread] DEBUG AssetLoader          - Loading from cache: /assets/textures/image.png
17:11:39.191 [JavaFX Application Thread] DEBUG AssetLoader          - Loading from cache: /assets/textures/image.png
17:11:39.204 [JavaFX Application Thread] DEBUG AssetLoader          - Loading from cache: /assets/textures/image.png
17:11:39.219 [JavaFX Application Thread] DEBUG AssetLoader          - Loading from cache: /assets/textures/image.png
17:11:39.235 [JavaFX Application Thread] DEBUG AssetLoader          - Loading from cache: /assets/textures/image.png
17:11:39.251 [JavaFX Application Thread] DEBUG AssetLoader          - Loading from cache: /assets/textures/image.png
17:11:39.267 [JavaFX Application Thread] DEBUG AssetLoader          - Loading from cache: /assets/textures/image.png
17:11:39.283 [JavaFX Application Thread] DEBUG AssetLoader          - Loading from cache: /assets/textures/image.png
17:11:39.299 [JavaFX Application Thread] DEBUG AssetLoader          - Loading from cache: /assets/textures/image.png
17:11:39.315 [JavaFX Application Thread] DEBUG AssetLoader          - Loading from cache: /assets/textures/image.png
17:11:39.331 [JavaFX Application Thread] DEBUG AssetLoader          - Loading from cache: /assets/textures/image.png
17:11:39.347 [JavaFX Application Thread] DEBUG AssetLoader          - Loading from cache: /assets/textures/image.png
17:11:39.363 [JavaFX Application Thread] DEBUG AssetLoader          - Loading from cache: /assets/textures/image.png
17:11:39.379 [JavaFX Application Thread] DEBUG AssetLoader          - Loading from cache: /assets/textures/image.png
17:11:39.395 [JavaFX Application Thread] DEBUG AssetLoader          - Loading from cache: /assets/textures/image.png
17:11:39.412 [JavaFX Application Thread] DEBUG AssetLoader          - Loading from cache: /assets/textures/image.png
17:11:39.427 [JavaFX Application Thread] DEBUG AssetLoader          - Loading from cache: /assets/textures/image.png
17:11:39.444 [JavaFX Application Thread] DEBUG AssetLoader          - Loading from cache: /assets/textures/image.png
17:11:39.459 [JavaFX Application Thread] DEBUG AssetLoader          - Loading from cache: /assets/textures/image.png
17:11:39.475 [JavaFX Application Thread] DEBUG AssetLoader          - Loading from cache: /assets/textures/image.png
17:11:40.131 [JavaFX Application Thread] DEBUG AssetLoader          - Loading from cache: /assets/textures/image.png
17:11:40.132 [JavaFX Application Thread] DEBUG AssetLoader          - Loading from cache: /assets/textures/image.png
17:11:40.141 [JavaFX Application Thread] DEBUG AssetLoader          - Loading from cache: /assets/textures/image.png
17:11:40.148 [JavaFX Application Thread] DEBUG AssetLoader          - Loading from cache: /assets/textures/image.png
17:11:40.164 [JavaFX Application Thread] DEBUG AssetLoader          - Loading from cache: /assets/textures/image.png
17:11:40.179 [JavaFX Application Thread] DEBUG AssetLoader          - Loading from cache: /assets/textures/image.png
17:11:40.195 [JavaFX Application Thread] DEBUG AssetLoader          - Loading from cache: /assets/textures/image.png
17:11:40.211 [JavaFX Application Thread] DEBUG AssetLoader          - Loading from cache: /assets/textures/image.png
17:11:40.227 [JavaFX Application Thread] DEBUG AssetLoader          - Loading from cache: /assets/textures/image.png
17:11:40.243 [JavaFX Application Thread] DEBUG AssetLoader          - Loading from cache: /assets/textures/image.png
17:11:40.259 [JavaFX Application Thread] DEBUG AssetLoader          - Loading from cache: /assets/textures/image.png
17:11:40.275 [JavaFX Application Thread] DEBUG AssetLoader          - Loading from cache: /assets/textures/image.png
17:11:40.291 [JavaFX Application Thread] DEBUG AssetLoader          - Loading from cache: /assets/textures/image.png
17:11:40.307 [JavaFX Application Thread] DEBUG AssetLoader          - Loading from cache: /assets/textures/image.png
17:11:40.339 [JavaFX Application Thread] DEBUG AssetLoader          - Loading from cache: /assets/textures/image.png
17:11:40.355 [JavaFX Application Thread] DEBUG AssetLoader          - Loading from cache: /assets/textures/image.png
17:11:40.371 [JavaFX Application Thread] DEBUG AssetLoader          - Loading from cache: /assets/textures/image.png
17:11:40.387 [JavaFX Application Thread] DEBUG AssetLoader          - Loading from cache: /assets/textures/image.png
17:11:51.772 [JavaFX Application Thread] DEBUG AssetLoader          - Loading from disk: /assets/textures/image2.png
17:11:54.013 [JavaFX Application Thread] DEBUG AssetLoader          - Loading from cache: /assets/ui/fonts/VarelaRound-Regular.ttf
17:11:54.014 [JavaFX Application Thread] DEBUG AssetLoader          - Loading from cache: /assets/ui/fonts/VarelaRound-Regular.ttf
17:11:54.014 [JavaFX Application Thread] DEBUG AssetLoader          - Loading from cache: /assets/properties/languages/english.properties
17:11:54.015 [JavaFX Application Thread] DEBUG AssetLoader          - Loading from cache: /assets/ui/fonts/VarelaRound-Regular.ttf
17:11:54.015 [JavaFX Application Thread] DEBUG AppStateMachine      - Push state: DialogSubState
17:11:54.015 [JavaFX Application Thread] DEBUG Input                - Clearing active input actions
17:11:54.015 [JavaFX Application Thread] DEBUG AppStateMachine      - PlayState -> DialogSubState
17:11:54.218 [JavaFX Application Thread] DEBUG AssetLoader          - Loading from cache: /assets/ui/fonts/VarelaRound-Regular.ttf
17:11:54.219 [JavaFX Application Thread] DEBUG AssetLoader          - Loading from cache: /assets/ui/fonts/VarelaRound-Regular.ttf
17:11:54.219 [JavaFX Application Thread] DEBUG AssetLoader          - Loading from cache: /assets/properties/languages/english.properties
17:11:54.220 [JavaFX Application Thread] DEBUG AssetLoader          - Loading from cache: /assets/ui/fonts/VarelaRound-Regular.ttf
17:11:54.422 [JavaFX Application Thread] DEBUG AssetLoader          - Loading from cache: /assets/ui/fonts/VarelaRound-Regular.ttf
17:11:54.423 [JavaFX Application Thread] DEBUG AssetLoader          - Loading from cache: /assets/ui/fonts/VarelaRound-Regular.ttf
17:11:54.423 [JavaFX Application Thread] DEBUG AssetLoader          - Loading from cache: /assets/properties/languages/english.properties
17:11:54.424 [JavaFX Application Thread] DEBUG AssetLoader          - Loading from cache: /assets/ui/fonts/VarelaRound-Regular.ttf
17:11:54.626 [JavaFX Application Thread] DEBUG AssetLoader          - Loading from cache: /assets/ui/fonts/VarelaRound-Regular.ttf
17:11:54.626 [JavaFX Application Thread] DEBUG AssetLoader          - Loading from cache: /assets/ui/fonts/VarelaRound-Regular.ttf
17:11:54.626 [JavaFX Application Thread] DEBUG AssetLoader          - Loading from cache: /assets/properties/languages/english.properties
17:11:54.627 [JavaFX Application Thread] DEBUG AssetLoader          - Loading from cache: /assets/ui/fonts/VarelaRound-Regular.ttf
17:11:54.627 [JavaFX Application Thread] DEBUG AssetLoader          - Loading from cache: /assets/textures/image.png
17:11:54.632 [JavaFX Application Thread] DEBUG AssetLoader          - Loading from cache: /assets/sounds/menu/select.wav
17:11:57.943 [JavaFX Application Thread] DEBUG AssetLoader          - Loading from cache: /assets/ui/fonts/VarelaRound-Regular.ttf
17:11:57.959 [JavaFX Application Thread] DEBUG AssetLoader          - Loading from cache: /assets/sounds/menu/select.wav
17:12:00.823 [JavaFX Application Thread] DEBUG AssetLoader          - Loading from cache: /assets/ui/fonts/VarelaRound-Regular.ttf
17:12:00.839 [JavaFX Application Thread] DEBUG AssetLoader          - Loading from cache: /assets/sounds/menu/select.wav
17:12:03.391 [JavaFX Application Thread] DEBUG AssetLoader          - Loading from cache: /assets/ui/fonts/VarelaRound-Regular.ttf
17:12:03.400 [JavaFX Application Thread] DEBUG AssetLoader          - Loading from cache: /assets/sounds/menu/select.wav
17:12:07.755 [JavaFX Application Thread] DEBUG AppStateMachine      - Pop state: DialogSubState
17:12:07.755 [JavaFX Application Thread] DEBUG Input                - Clearing active input actions
17:12:07.756 [JavaFX Application Thread] DEBUG AppStateMachine      - PlayState <- DialogSubState
17:12:13.046 [JavaFX Application Thread] DEBUG FXGL                 - Exiting FXGL
17:12:13.047 [JavaFX Application Thread] DEBUG FXGL                 - Shutting down background threads
17:12:13.047 [JavaFX Application Thread] DEBUG FXGL                 - Saving FXGL system data
17:12:13.062 [JavaFX Application Thread] DEBUG DesktopFSService     - Writing to: system\fxgl.bundle
17:12:13.068 [JavaFX Application Thread] DEBUG FXGL                 - Closing logger and exiting JavaFX
