13:15:24.636 [JavaFX Application Thread] DEBUG GameApplication      - Logger initialized
13:15:24.694 [JavaFX Application Thread] DEBUG GameApplication      - Logging settings
Title: The RPG
Version: 0.1
Width: 960
Height: 640
Fullscreen: true
Intro: false
Menus: true
Profiling: false
Single step:false
App Mode: DEVELOPER
Menu Key: ESCAPE
Stage Style: DECORATED
Scene Factory: class rpg.factory.MenuSceneFactory
Dialog Factory: class com.almasb.fxgl.ui.FXGLDialogFactory
UI Factory: class com.almasb.fxgl.ui.FXGLUIFactory
Notification Service: class com.almasb.fxgl.gameplay.notification.XboxNotificationView
Exception Handler: class com.almasb.fxgl.app.FXGLExceptionHandler
13:15:24.695 [JavaFX Application Thread] DEBUG GameApplication      - Starting FXGL
13:15:24.729 [JavaFX Application Thread] INFO  FXGL                 - FXGL-0.5.4 on DESKTOP
13:15:24.731 [JavaFX Application Thread] INFO  FXGL                 - Source code and latest versions at: https://github.com/AlmasB/FXGL
13:15:24.732 [JavaFX Application Thread] INFO  FXGL                 -              Join the FXGL chat at: https://gitter.im/AlmasB/FXGL
13:15:24.733 [JavaFX Application Thread] DEBUG FXGL                 - FXGL started
13:15:24.736 [JavaFX Application Thread] DEBUG FXGL                 - Initializing FXGL
13:15:25.259 [JavaFX Application Thread] DEBUG AssetLoader          - Loading from disk: /assets/ui/cursors/fxgl_default.png
13:15:25.810 [JavaFX Application Thread] DEBUG AssetLoader          - Loading from disk: /assets/ui/fonts/VarelaRound-Regular.ttf
13:15:28.209 [JavaFX Application Thread] DEBUG MainWindow           - Creating a JavaFX scene
13:15:28.417 [JavaFX Application Thread] DEBUG MainWindow           - Target settings size: 960.0 x 640.0
13:15:28.418 [JavaFX Application Thread] DEBUG MainWindow           - Scaled scene size:    960.0 x 640.0
13:15:28.424 [JavaFX Application Thread] DEBUG MainWindow           - Scaled ratio: (1.0, 1.0)
13:15:28.501 [JavaFX Application Thread] DEBUG AssetLoader          - Loading from disk: /assets/ui/css/fxgl_dark.css
13:15:28.529 [JavaFX Application Thread] DEBUG AssetLoader          - Loading from disk: /assets/textures/fxgl_icon.png
13:15:28.766 [JavaFX Application Thread] DEBUG MainWindow           - Opening main window
13:15:29.894 [JavaFX Application Thread] DEBUG MainWindow           - Window border size: (16.0, 39.0)
13:15:29.896 [JavaFX Application Thread] DEBUG MainWindow           - Scaled size: 960.0 x 640.0
13:15:29.898 [JavaFX Application Thread] DEBUG MainWindow           - Scaled ratio: (1.0, 1.0)
13:15:29.899 [JavaFX Application Thread] DEBUG MainWindow           - Scene size: 960.0 x 640.0
13:15:29.900 [JavaFX Application Thread] DEBUG MainWindow           - Stage size: 976.0 x 679.0
13:15:30.164 [ForkJoinPool.commonPool-worker-1] DEBUG FS                   - Loaded DesktopFSService
13:15:30.166 [ForkJoinPool.commonPool-worker-1] DEBUG FXGL                 - Loading FXGL system data
13:15:30.198 [ForkJoinPool.commonPool-worker-1] DEBUG DesktopFSService     - Reading from: system\fxgl.bundle
13:15:30.251 [ForkJoinPool.commonPool-worker-1] DEBUG Bundle               - Logging bundle: FXGL
13:15:30.256 [ForkJoinPool.commonPool-worker-1] DEBUG Bundle               - FXGL.offline.timer.version.check=2021-01-25T11:33:17.387
13:15:30.275 [ForkJoinPool.commonPool-worker-1] DEBUG FXGL                 - Initializing state machine and application states
13:15:30.287 [ForkJoinPool.commonPool-worker-1] DEBUG AssetLoader          - Loading from disk: /assets/ui/cursors/fxgl_default.png
13:15:30.305 [ForkJoinPool.commonPool-worker-2] DEBUG UpdaterTask          - Checking for updates
13:15:30.335 [ForkJoinPool.commonPool-worker-1] DEBUG AssetLoader          - Loading from disk: /assets/ui/cursors/fxgl_default.png
13:15:30.373 [ForkJoinPool.commonPool-worker-1] DEBUG AssetLoader          - Loading from cache: /assets/ui/fonts/VarelaRound-Regular.ttf
13:15:30.413 [ForkJoinPool.commonPool-worker-1] DEBUG AssetLoader          - Loading from disk: /assets/ui/cursors/fxgl_default.png
13:15:30.451 [ForkJoinPool.commonPool-worker-1] DEBUG GameScene            - Game scene initialized: 960x640
13:15:30.492 [ForkJoinPool.commonPool-worker-1] DEBUG GameWorld            - Game world initialized
13:15:31.416 [ForkJoinPool.commonPool-worker-1] DEBUG PhysicsWorld         - Physics world initialized: appHeight=640, physics.ppm=50,0
13:15:37.156 [ForkJoinPool.commonPool-worker-2] INFO  UpdaterTask          - Your current version:  0.5.4
13:15:37.158 [ForkJoinPool.commonPool-worker-2] INFO  UpdaterTask          - Latest stable version: dev-SNAPSHOT
13:16:12.609 [JavaFX Application Thread] DEBUG FXGL                 - Exiting FXGL
13:16:12.610 [JavaFX Application Thread] DEBUG FXGL                 - Shutting down background threads
13:16:12.610 [JavaFX Application Thread] DEBUG FXGL                 - Saving FXGL system data
13:16:12.647 [JavaFX Application Thread] DEBUG DesktopFSService     - Writing to: system\fxgl.bundle
13:16:12.672 [JavaFX Application Thread] DEBUG FXGL                 - Closing logger and exiting JavaFX
