16:22:25.218 [JavaFX Application Thread] DEBUG GameApplication      - Logger initialized
16:22:25.286 [JavaFX Application Thread] DEBUG GameApplication      - Logging settings
Title: The RPG
Version: 0.1
Width: 960
Height: 640
Fullscreen: true
Intro: false
Menus: true
Profiling: false
Single step:false
App Mode: DEVELOPER
Menu Key: ESCAPE
Stage Style: DECORATED
Scene Factory: class rpg.factory.MenuSceneFactory
Dialog Factory: class com.almasb.fxgl.ui.FXGLDialogFactory
UI Factory: class com.almasb.fxgl.ui.FXGLUIFactory
Notification Service: class com.almasb.fxgl.gameplay.notification.XboxNotificationView
Exception Handler: class com.almasb.fxgl.app.FXGLExceptionHandler
16:22:25.287 [JavaFX Application Thread] DEBUG GameApplication      - Starting FXGL
16:22:25.320 [JavaFX Application Thread] INFO  FXGL                 - FXGL-0.5.4 on DESKTOP
16:22:25.322 [JavaFX Application Thread] INFO  FXGL                 - Source code and latest versions at: https://github.com/AlmasB/FXGL
16:22:25.324 [JavaFX Application Thread] INFO  FXGL                 -              Join the FXGL chat at: https://gitter.im/AlmasB/FXGL
16:22:25.325 [JavaFX Application Thread] DEBUG FXGL                 - FXGL started
16:22:25.327 [JavaFX Application Thread] DEBUG FXGL                 - Initializing FXGL
16:22:25.617 [JavaFX Application Thread] DEBUG AssetLoader          - Loading from disk: /assets/ui/cursors/fxgl_default.png
16:22:25.923 [JavaFX Application Thread] DEBUG AssetLoader          - Loading from disk: /assets/ui/fonts/VarelaRound-Regular.ttf
16:22:28.124 [JavaFX Application Thread] DEBUG MainWindow           - Creating a JavaFX scene
16:22:28.254 [JavaFX Application Thread] DEBUG MainWindow           - Target settings size: 960.0 x 640.0
16:22:28.255 [JavaFX Application Thread] DEBUG MainWindow           - Scaled scene size:    960.0 x 640.0
16:22:28.256 [JavaFX Application Thread] DEBUG MainWindow           - Scaled ratio: (1.0, 1.0)
16:22:28.326 [JavaFX Application Thread] DEBUG AssetLoader          - Loading from disk: /assets/ui/css/fxgl_dark.css
16:22:28.360 [JavaFX Application Thread] DEBUG AssetLoader          - Loading from disk: /assets/textures/fxgl_icon.png
16:22:28.518 [JavaFX Application Thread] DEBUG MainWindow           - Opening main window
16:22:29.468 [JavaFX Application Thread] DEBUG MainWindow           - Window border size: (16.0, 39.0)
16:22:29.470 [JavaFX Application Thread] DEBUG MainWindow           - Scaled size: 960.0 x 640.0
16:22:29.472 [JavaFX Application Thread] DEBUG MainWindow           - Scaled ratio: (1.0, 1.0)
16:22:29.473 [JavaFX Application Thread] DEBUG MainWindow           - Scene size: 960.0 x 640.0
16:22:29.474 [JavaFX Application Thread] DEBUG MainWindow           - Stage size: 976.0 x 679.0
16:22:29.871 [ForkJoinPool.commonPool-worker-1] DEBUG FS                   - Loaded DesktopFSService
16:22:29.876 [ForkJoinPool.commonPool-worker-1] DEBUG FXGL                 - Loading FXGL system data
16:22:29.918 [ForkJoinPool.commonPool-worker-1] DEBUG DesktopFSService     - Reading from: system\fxgl.bundle
16:22:29.991 [ForkJoinPool.commonPool-worker-1] DEBUG Bundle               - Logging bundle: FXGL
16:22:29.995 [ForkJoinPool.commonPool-worker-1] DEBUG Bundle               - FXGL.offline.timer.version.check=2021-10-06T13:15:37.156
16:22:29.999 [ForkJoinPool.commonPool-worker-1] DEBUG FXGL                 - Initializing state machine and application states
16:22:30.014 [ForkJoinPool.commonPool-worker-1] DEBUG AssetLoader          - Loading from disk: /assets/ui/cursors/fxgl_default.png
16:22:30.047 [ForkJoinPool.commonPool-worker-1] DEBUG AssetLoader          - Loading from disk: /assets/ui/cursors/fxgl_default.png
16:22:30.100 [ForkJoinPool.commonPool-worker-1] DEBUG AssetLoader          - Loading from cache: /assets/ui/fonts/VarelaRound-Regular.ttf
16:22:30.114 [ForkJoinPool.commonPool-worker-1] DEBUG AssetLoader          - Loading from disk: /assets/ui/cursors/fxgl_default.png
16:22:30.132 [ForkJoinPool.commonPool-worker-1] DEBUG GameScene            - Game scene initialized: 960x640
16:22:30.177 [ForkJoinPool.commonPool-worker-1] DEBUG GameWorld            - Game world initialized
16:22:31.505 [ForkJoinPool.commonPool-worker-1] DEBUG PhysicsWorld         - Physics world initialized: appHeight=640, physics.ppm=50,0
16:22:32.048 [ForkJoinPool.commonPool-worker-1] DEBUG AssetLoader          - Loading from disk: /assets/ui/cursors/fxgl_default.png
16:22:32.062 [ForkJoinPool.commonPool-worker-1] DEBUG AssetLoader          - Loading from disk: /assets/properties/languages/english.properties
16:22:32.066 [ForkJoinPool.commonPool-worker-1] DEBUG AssetLoader          - Loading from cache: /assets/ui/fonts/VarelaRound-Regular.ttf
16:22:32.067 [ForkJoinPool.commonPool-worker-1] DEBUG AssetLoader          - Loading from cache: /assets/ui/fonts/VarelaRound-Regular.ttf
16:22:32.069 [ForkJoinPool.commonPool-worker-1] DEBUG AssetLoader          - Loading from cache: /assets/ui/fonts/VarelaRound-Regular.ttf
16:22:32.109 [ForkJoinPool.commonPool-worker-1] DEBUG AssetLoader          - Loading from disk: /assets/textures/particles/trace_horizontal.png
16:22:32.238 [ForkJoinPool.commonPool-worker-1] DEBUG AssetLoader          - Loading from cache: /assets/ui/fonts/VarelaRound-Regular.ttf
16:22:32.242 [ForkJoinPool.commonPool-worker-1] DEBUG FXGL.Menu            - createMenuBodyMainMenu()
16:22:32.273 [ForkJoinPool.commonPool-worker-1] DEBUG AssetLoader          - Loading from cache: /assets/ui/fonts/VarelaRound-Regular.ttf
16:22:32.281 [ForkJoinPool.commonPool-worker-1] DEBUG AssetLoader          - Loading from cache: /assets/properties/languages/english.properties
16:22:32.292 [ForkJoinPool.commonPool-worker-1] DEBUG AssetLoader          - Loading from cache: /assets/ui/fonts/VarelaRound-Regular.ttf
16:22:32.293 [ForkJoinPool.commonPool-worker-1] DEBUG AssetLoader          - Loading from cache: /assets/properties/languages/english.properties
16:22:32.294 [ForkJoinPool.commonPool-worker-1] DEBUG FXGL.Menu            - createOptionsMenu()
16:22:32.295 [ForkJoinPool.commonPool-worker-1] DEBUG AssetLoader          - Loading from cache: /assets/ui/fonts/VarelaRound-Regular.ttf
16:22:32.295 [ForkJoinPool.commonPool-worker-1] DEBUG AssetLoader          - Loading from cache: /assets/properties/languages/english.properties
16:22:32.300 [ForkJoinPool.commonPool-worker-1] DEBUG AssetLoader          - Loading from cache: /assets/ui/fonts/VarelaRound-Regular.ttf
16:22:32.302 [ForkJoinPool.commonPool-worker-1] DEBUG AssetLoader          - Loading from cache: /assets/properties/languages/english.properties
16:22:32.305 [ForkJoinPool.commonPool-worker-1] DEBUG AssetLoader          - Loading from cache: /assets/ui/fonts/VarelaRound-Regular.ttf
16:22:32.306 [ForkJoinPool.commonPool-worker-1] DEBUG AssetLoader          - Loading from cache: /assets/properties/languages/english.properties
16:22:32.308 [ForkJoinPool.commonPool-worker-1] DEBUG AssetLoader          - Loading from cache: /assets/ui/fonts/VarelaRound-Regular.ttf
16:22:32.309 [ForkJoinPool.commonPool-worker-1] DEBUG AssetLoader          - Loading from cache: /assets/properties/languages/english.properties
16:22:32.311 [ForkJoinPool.commonPool-worker-1] DEBUG AssetLoader          - Loading from cache: /assets/ui/fonts/VarelaRound-Regular.ttf
16:22:32.312 [ForkJoinPool.commonPool-worker-1] DEBUG AssetLoader          - Loading from cache: /assets/properties/languages/english.properties
16:22:32.315 [ForkJoinPool.commonPool-worker-1] DEBUG AssetLoader          - Loading from cache: /assets/ui/fonts/VarelaRound-Regular.ttf
16:22:32.315 [ForkJoinPool.commonPool-worker-1] DEBUG AssetLoader          - Loading from cache: /assets/properties/languages/english.properties
16:22:32.321 [ForkJoinPool.commonPool-worker-1] DEBUG AssetLoader          - Loading from cache: /assets/ui/fonts/VarelaRound-Regular.ttf
16:22:32.321 [ForkJoinPool.commonPool-worker-1] DEBUG AssetLoader          - Loading from cache: /assets/properties/languages/english.properties
16:22:32.323 [ForkJoinPool.commonPool-worker-1] DEBUG AssetLoader          - Loading from cache: /assets/ui/fonts/VarelaRound-Regular.ttf
16:22:32.324 [ForkJoinPool.commonPool-worker-1] DEBUG AssetLoader          - Loading from cache: /assets/properties/languages/english.properties
16:22:32.326 [ForkJoinPool.commonPool-worker-1] DEBUG AssetLoader          - Loading from cache: /assets/ui/fonts/VarelaRound-Regular.ttf
16:22:32.327 [ForkJoinPool.commonPool-worker-1] DEBUG AssetLoader          - Loading from cache: /assets/properties/languages/english.properties
16:22:32.329 [ForkJoinPool.commonPool-worker-1] DEBUG AssetLoader          - Loading from disk: /assets/textures/particles/smoke.png
16:22:32.737 [ForkJoinPool.commonPool-worker-1] DEBUG AssetLoader          - Loading from disk: /assets/ui/cursors/fxgl_default.png
16:22:32.742 [ForkJoinPool.commonPool-worker-1] DEBUG AssetLoader          - Loading from cache: /assets/properties/languages/english.properties
16:22:32.743 [ForkJoinPool.commonPool-worker-1] DEBUG AssetLoader          - Loading from cache: /assets/ui/fonts/VarelaRound-Regular.ttf
16:22:32.744 [ForkJoinPool.commonPool-worker-1] DEBUG AssetLoader          - Loading from cache: /assets/ui/fonts/VarelaRound-Regular.ttf
16:22:32.748 [ForkJoinPool.commonPool-worker-1] DEBUG AssetLoader          - Loading from cache: /assets/ui/fonts/VarelaRound-Regular.ttf
16:22:32.751 [ForkJoinPool.commonPool-worker-1] DEBUG AssetLoader          - Loading from cache: /assets/textures/particles/trace_horizontal.png@64.0x64.0
16:22:32.757 [ForkJoinPool.commonPool-worker-1] DEBUG AssetLoader          - Loading from cache: /assets/ui/fonts/VarelaRound-Regular.ttf
16:22:32.758 [ForkJoinPool.commonPool-worker-1] DEBUG FXGL.Menu            - createMenuBodyGameMenu()
16:22:32.759 [ForkJoinPool.commonPool-worker-1] DEBUG AssetLoader          - Loading from cache: /assets/ui/fonts/VarelaRound-Regular.ttf
16:22:32.760 [ForkJoinPool.commonPool-worker-1] DEBUG AssetLoader          - Loading from cache: /assets/properties/languages/english.properties
16:22:32.877 [ForkJoinPool.commonPool-worker-1] DEBUG AssetLoader          - Loading from cache: /assets/ui/fonts/VarelaRound-Regular.ttf
16:22:32.878 [ForkJoinPool.commonPool-worker-1] DEBUG AssetLoader          - Loading from cache: /assets/properties/languages/english.properties
16:22:32.879 [ForkJoinPool.commonPool-worker-1] DEBUG FXGL.Menu            - createOptionsMenu()
16:22:32.880 [ForkJoinPool.commonPool-worker-1] DEBUG AssetLoader          - Loading from cache: /assets/ui/fonts/VarelaRound-Regular.ttf
16:22:32.881 [ForkJoinPool.commonPool-worker-1] DEBUG AssetLoader          - Loading from cache: /assets/properties/languages/english.properties
16:22:32.882 [ForkJoinPool.commonPool-worker-1] DEBUG AssetLoader          - Loading from cache: /assets/ui/fonts/VarelaRound-Regular.ttf
16:22:32.883 [ForkJoinPool.commonPool-worker-1] DEBUG AssetLoader          - Loading from cache: /assets/properties/languages/english.properties
16:22:32.884 [ForkJoinPool.commonPool-worker-1] DEBUG AssetLoader          - Loading from cache: /assets/ui/fonts/VarelaRound-Regular.ttf
16:22:32.885 [ForkJoinPool.commonPool-worker-1] DEBUG AssetLoader          - Loading from cache: /assets/properties/languages/english.properties
16:22:32.886 [ForkJoinPool.commonPool-worker-1] DEBUG AssetLoader          - Loading from cache: /assets/ui/fonts/VarelaRound-Regular.ttf
16:22:32.887 [ForkJoinPool.commonPool-worker-1] DEBUG AssetLoader          - Loading from cache: /assets/properties/languages/english.properties
16:22:32.888 [ForkJoinPool.commonPool-worker-1] DEBUG AssetLoader          - Loading from cache: /assets/ui/fonts/VarelaRound-Regular.ttf
16:22:32.889 [ForkJoinPool.commonPool-worker-1] DEBUG AssetLoader          - Loading from cache: /assets/properties/languages/english.properties
16:22:32.890 [ForkJoinPool.commonPool-worker-1] DEBUG AssetLoader          - Loading from cache: /assets/ui/fonts/VarelaRound-Regular.ttf
16:22:32.891 [ForkJoinPool.commonPool-worker-1] DEBUG AssetLoader          - Loading from cache: /assets/properties/languages/english.properties
16:22:32.893 [ForkJoinPool.commonPool-worker-1] DEBUG AssetLoader          - Loading from cache: /assets/ui/fonts/VarelaRound-Regular.ttf
16:22:32.893 [ForkJoinPool.commonPool-worker-1] DEBUG AssetLoader          - Loading from cache: /assets/properties/languages/english.properties
16:22:33.000 [ForkJoinPool.commonPool-worker-1] DEBUG AssetLoader          - Loading from cache: /assets/ui/fonts/VarelaRound-Regular.ttf
16:22:33.001 [ForkJoinPool.commonPool-worker-1] DEBUG AssetLoader          - Loading from cache: /assets/properties/languages/english.properties
16:22:33.004 [ForkJoinPool.commonPool-worker-1] DEBUG AssetLoader          - Loading from cache: /assets/ui/fonts/VarelaRound-Regular.ttf
16:22:33.005 [ForkJoinPool.commonPool-worker-1] DEBUG AssetLoader          - Loading from cache: /assets/properties/languages/english.properties
16:22:33.007 [ForkJoinPool.commonPool-worker-1] DEBUG AssetLoader          - Loading from cache: /assets/textures/particles/smoke.png@128.0x128.0
16:22:33.180 [JavaFX Application Thread] DEBUG FXGL                 - Running preInit()
16:22:33.309 [JavaFX Application Thread] DEBUG Input                - Registered new binding: Screenshot - P
16:22:33.311 [JavaFX Application Thread] DEBUG Input                - Registered new binding: Dev Options - CTRL+0
16:22:33.315 [JavaFX Application Thread] DEBUG Input                - Registered new binding: System info dump - CTRL+9
16:22:33.317 [JavaFX Application Thread] DEBUG Input                - Registered new binding: Restart - CTRL+R
16:22:33.317 [JavaFX Application Thread] DEBUG Input                - Registered new binding: Move Right - D
16:22:33.318 [JavaFX Application Thread] DEBUG Input                - Registered new binding: Move Left - Q
16:22:33.319 [JavaFX Application Thread] DEBUG Input                - Registered new binding: Move Up - Z
16:22:33.319 [JavaFX Application Thread] DEBUG Input                - Registered new binding: Move Down - S
16:22:33.320 [JavaFX Application Thread] DEBUG Input                - Registered new binding: Open Inventory - I
16:22:33.320 [JavaFX Application Thread] DEBUG Input                - Registered new binding: Open Equipment - E
16:22:33.321 [JavaFX Application Thread] DEBUG Input                - Registered new binding: Open TabQuest - K
16:22:33.322 [JavaFX Application Thread] DEBUG Input                - Registered new binding: Analyse - A
16:22:33.322 [JavaFX Application Thread] DEBUG Input                - Registered new binding: Quete Suivante - B
16:22:33.323 [JavaFX Application Thread] DEBUG Input                - Registered new binding: see Hero status - H
16:22:33.324 [JavaFX Application Thread] DEBUG Input                - Registered new binding: Save - M
16:22:33.325 [JavaFX Application Thread] DEBUG Input                - Registered new binding: Load - L
16:22:33.333 [JavaFX Application Thread] DEBUG MenuEventHandler     - generateDefaultProfile()
16:22:33.334 [JavaFX Application Thread] DEBUG MenuEventHandler     - Creating default profile
16:22:33.336 [JavaFX Application Thread] DEBUG EventBus             - Firing event: SaveEvent
16:22:33.344 [JavaFX Application Thread] DEBUG AudioPlayer          - Saving data to profile
16:22:33.345 [JavaFX Application Thread] DEBUG Bundle               - Logging bundle: audio
16:22:33.345 [JavaFX Application Thread] DEBUG Bundle               - audio.musicVolume=0.5
16:22:33.346 [JavaFX Application Thread] DEBUG Bundle               - audio.soundVolume=0.5
16:22:33.347 [JavaFX Application Thread] DEBUG Input                - Saving data to profile
16:22:33.350 [JavaFX Application Thread] DEBUG Bundle               - Logging bundle: input
16:22:33.351 [JavaFX Application Thread] DEBUG Bundle               - input.Move Right=D
16:22:33.352 [JavaFX Application Thread] DEBUG Bundle               - input.Save=M
16:22:33.353 [JavaFX Application Thread] DEBUG Bundle               - input.Open Equipment=E
16:22:33.359 [JavaFX Application Thread] DEBUG Bundle               - input.Restart=CTRL+R
16:22:33.359 [JavaFX Application Thread] DEBUG Bundle               - input.Move Up=Z
16:22:33.360 [JavaFX Application Thread] DEBUG Bundle               - input.Dev Options=CTRL+0
16:22:33.360 [JavaFX Application Thread] DEBUG Bundle               - input.see Hero status=H
16:22:33.361 [JavaFX Application Thread] DEBUG Bundle               - input.Open TabQuest=K
16:22:33.361 [JavaFX Application Thread] DEBUG Bundle               - input.Load=L
16:22:33.361 [JavaFX Application Thread] DEBUG Bundle               - input.Move Left=Q
16:22:33.362 [JavaFX Application Thread] DEBUG Bundle               - input.Open Inventory=I
16:22:33.362 [JavaFX Application Thread] DEBUG Bundle               - input.Quete Suivante=B
16:22:33.362 [JavaFX Application Thread] DEBUG Bundle               - input.Analyse=A
16:22:33.363 [JavaFX Application Thread] DEBUG Bundle               - input.Screenshot=P
16:22:33.363 [JavaFX Application Thread] DEBUG Bundle               - input.System info dump=CTRL+9
16:22:33.363 [JavaFX Application Thread] DEBUG Bundle               - input.Move Down=S
16:22:33.388 [JavaFX Application Thread] DEBUG Bundle               - Logging bundle: gameplayStats
16:22:33.389 [JavaFX Application Thread] DEBUG Bundle               - gameplayStats.playtime=0
16:22:33.394 [JavaFX Application Thread] DEBUG AchievementManager   - Saving data to profile
16:22:33.394 [JavaFX Application Thread] DEBUG Bundle               - Logging bundle: achievement
16:22:33.399 [JavaFX Application Thread] INFO  FXGL                 - FXGL initialization took: 8,071 sec
16:22:33.400 [JavaFX Application Thread] DEBUG LoopRunner           - Starting loop
16:22:33.406 [JavaFX Application Thread] DEBUG StartupState         - STARTUP
16:22:33.406 [JavaFX Application Thread] DEBUG Input                - Clearing active input actions
16:22:33.411 [JavaFX Application Thread] DEBUG AssetLoader          - Loading from disk: /assets/ui/css/fxgl_dark.css
16:22:33.483 [JavaFX Application Thread] DEBUG AppStateMachine      - StartupState -> MainMenuState
16:22:33.515 [JavaFX Application Thread] DEBUG AssetLoader          - Loading from cache: /assets/properties/languages/english.properties
16:22:33.516 [JavaFX Application Thread] DEBUG AssetLoader          - Loading from cache: /assets/ui/fonts/VarelaRound-Regular.ttf
16:22:33.516 [JavaFX Application Thread] DEBUG AssetLoader          - Loading from cache: /assets/properties/languages/english.properties
16:22:33.518 [JavaFX Application Thread] DEBUG AssetLoader          - Loading from cache: /assets/ui/fonts/VarelaRound-Regular.ttf
16:22:33.519 [JavaFX Application Thread] DEBUG AssetLoader          - Loading from cache: /assets/properties/languages/english.properties
16:22:33.520 [JavaFX Application Thread] DEBUG AssetLoader          - Loading from cache: /assets/ui/fonts/VarelaRound-Regular.ttf
16:22:33.530 [JavaFX Application Thread] DEBUG SaveLoadManager      - Checking profiles dir: profiles/
16:22:33.531 [JavaFX Application Thread] DEBUG SaveLoadManager      - Loading profile names
16:22:33.538 [JavaFX Application Thread] DEBUG AssetLoader          - Loading from cache: /assets/properties/languages/english.properties
16:22:33.686 [JavaFX Application Thread] DEBUG AssetLoader          - Loading from cache: /assets/ui/fonts/VarelaRound-Regular.ttf
16:22:33.689 [JavaFX Application Thread] DEBUG AssetLoader          - Loading from cache: /assets/ui/fonts/VarelaRound-Regular.ttf
16:22:33.690 [JavaFX Application Thread] DEBUG AppStateMachine      - Push state: DialogSubState
16:22:33.691 [JavaFX Application Thread] DEBUG Input                - Clearing active input actions
16:22:33.691 [JavaFX Application Thread] DEBUG AppStateMachine      - MainMenuState -> DialogSubState
16:22:34.196 [JavaFX Application Thread] DEBUG AppStateMachine      - Pop state: DialogSubState
16:22:34.196 [JavaFX Application Thread] DEBUG Input                - Clearing active input actions
16:22:34.197 [JavaFX Application Thread] DEBUG AppStateMachine      - MainMenuState <- DialogSubState
16:22:34.200 [JavaFX Application Thread] DEBUG AssetLoader          - Loading from cache: /assets/properties/languages/english.properties
16:22:34.202 [JavaFX Application Thread] DEBUG AssetLoader          - Loading from cache: /assets/ui/fonts/VarelaRound-Regular.ttf
16:22:34.203 [JavaFX Application Thread] DEBUG AssetLoader          - Loading from cache: /assets/ui/fonts/VarelaRound-Regular.ttf
16:22:34.204 [JavaFX Application Thread] DEBUG AppStateMachine      - Push state: DialogSubState
16:22:34.205 [JavaFX Application Thread] DEBUG Input                - Clearing active input actions
16:22:34.205 [JavaFX Application Thread] DEBUG AppStateMachine      - MainMenuState -> DialogSubState
16:23:07.689 [JavaFX Application Thread] DEBUG FXGL                 - Exiting FXGL
16:23:07.690 [JavaFX Application Thread] DEBUG FXGL                 - Shutting down background threads
16:23:07.692 [JavaFX Application Thread] DEBUG FXGL                 - Saving FXGL system data
16:23:07.704 [JavaFX Application Thread] DEBUG DesktopFSService     - Writing to: system\fxgl.bundle
16:23:07.723 [JavaFX Application Thread] DEBUG FXGL                 - Closing logger and exiting JavaFX
