14:08:39.438 [JavaFX Application Thread] DEBUG GameApplication      - Logger initialized
14:08:39.462 [JavaFX Application Thread] DEBUG GameApplication      - Logging settings
Title: Basic Game App
Version: 0.1
Width: 640
Height: 640
Fullscreen: false
Intro: false
Menus: false
Profiling: false
Single step:false
App Mode: DEVELOPER
Menu Key: ESCAPE
Stage Style: DECORATED
Scene Factory: class com.almasb.fxgl.scene.SceneFactory
Dialog Factory: class com.almasb.fxgl.ui.FXGLDialogFactory
UI Factory: class com.almasb.fxgl.ui.FXGLUIFactory
Notification Service: class com.almasb.fxgl.gameplay.notification.XboxNotificationView
Exception Handler: class com.almasb.fxgl.app.FXGLExceptionHandler
14:08:39.463 [JavaFX Application Thread] DEBUG GameApplication      - Starting FXGL
14:08:39.475 [JavaFX Application Thread] INFO  FXGL                 - FXGL-0.5.4 on DESKTOP
14:08:39.475 [JavaFX Application Thread] INFO  FXGL                 - Source code and latest versions at: https://github.com/AlmasB/FXGL
14:08:39.476 [JavaFX Application Thread] INFO  FXGL                 -              Join the FXGL chat at: https://gitter.im/AlmasB/FXGL
14:08:39.476 [JavaFX Application Thread] DEBUG FXGL                 - FXGL started
14:08:39.477 [JavaFX Application Thread] DEBUG FXGL                 - Initializing FXGL
14:08:39.572 [JavaFX Application Thread] DEBUG AssetLoader          - Loading from disk: /assets/ui/cursors/fxgl_default.png
14:08:39.770 [JavaFX Application Thread] DEBUG AssetLoader          - Loading from disk: /assets/ui/fonts/VarelaRound-Regular.ttf
14:08:40.679 [JavaFX Application Thread] DEBUG MainWindow           - Creating a JavaFX scene
14:08:40.727 [JavaFX Application Thread] DEBUG MainWindow           - Target settings size: 640.0 x 640.0
14:08:40.727 [JavaFX Application Thread] DEBUG MainWindow           - Scaled scene size:    640.0 x 640.0
14:08:40.727 [JavaFX Application Thread] DEBUG MainWindow           - Scaled ratio: (1.0, 1.0)
14:08:40.744 [JavaFX Application Thread] DEBUG AssetLoader          - Loading from disk: /assets/ui/css/fxgl_dark.css
14:08:40.750 [JavaFX Application Thread] DEBUG AssetLoader          - Loading from disk: /assets/textures/fxgl_icon.png
14:08:40.777 [JavaFX Application Thread] DEBUG MainWindow           - Opening main window
14:08:41.043 [JavaFX Application Thread] DEBUG MainWindow           - Window border size: (16.0, 39.0)
14:08:41.043 [JavaFX Application Thread] DEBUG MainWindow           - Scaled size: 640.0 x 640.0
14:08:41.043 [JavaFX Application Thread] DEBUG MainWindow           - Scaled ratio: (1.0, 1.0)
14:08:41.044 [JavaFX Application Thread] DEBUG MainWindow           - Scene size: 640.0 x 640.0
14:08:41.044 [JavaFX Application Thread] DEBUG MainWindow           - Stage size: 656.0 x 679.0
14:08:41.149 [ForkJoinPool.commonPool-worker-1] DEBUG FS                   - Loaded DesktopFSService
14:08:41.150 [ForkJoinPool.commonPool-worker-1] DEBUG FXGL                 - Loading FXGL system data
14:08:41.160 [ForkJoinPool.commonPool-worker-1] DEBUG DesktopFSService     - Reading from: system\fxgl.bundle
14:08:41.176 [ForkJoinPool.commonPool-worker-1] DEBUG Bundle               - Logging bundle: FXGL
14:08:41.177 [ForkJoinPool.commonPool-worker-1] DEBUG Bundle               - FXGL.offline.timer.version.check=2020-10-19T13:05:03.376
14:08:41.179 [ForkJoinPool.commonPool-worker-1] DEBUG FXGL                 - Initializing state machine and application states
14:08:41.182 [ForkJoinPool.commonPool-worker-1] DEBUG AssetLoader          - Loading from disk: /assets/ui/cursors/fxgl_default.png
14:08:41.192 [ForkJoinPool.commonPool-worker-1] DEBUG AssetLoader          - Loading from disk: /assets/ui/cursors/fxgl_default.png
14:08:41.201 [ForkJoinPool.commonPool-worker-1] DEBUG AssetLoader          - Loading from cache: /assets/ui/fonts/VarelaRound-Regular.ttf
14:08:41.209 [ForkJoinPool.commonPool-worker-1] DEBUG AssetLoader          - Loading from disk: /assets/ui/cursors/fxgl_default.png
14:08:41.214 [ForkJoinPool.commonPool-worker-1] DEBUG GameScene            - Game scene initialized: 640x640
14:08:41.224 [ForkJoinPool.commonPool-worker-1] DEBUG GameWorld            - Game world initialized
14:08:41.402 [ForkJoinPool.commonPool-worker-1] DEBUG PhysicsWorld         - Physics world initialized: appHeight=640, physics.ppm=50,0
14:08:41.439 [ForkJoinPool.commonPool-worker-1] DEBUG Input                - Registered new binding: Pause - Esc
14:08:41.506 [JavaFX Application Thread] DEBUG FXGL                 - Running preInit()
14:08:41.510 [JavaFX Application Thread] DEBUG Input                - Registered new binding: Screenshot - P
14:08:41.511 [JavaFX Application Thread] DEBUG Input                - Registered new binding: Dev Options - CTRL+0
14:08:41.511 [JavaFX Application Thread] DEBUG Input                - Registered new binding: System info dump - CTRL+9
14:08:41.512 [JavaFX Application Thread] DEBUG Input                - Registered new binding: Restart - CTRL+R
14:08:41.513 [JavaFX Application Thread] DEBUG Input                - Registered new binding: Move Right - D
14:08:41.513 [JavaFX Application Thread] DEBUG Input                - Registered new binding: Move Left - Q
14:08:41.513 [JavaFX Application Thread] DEBUG Input                - Registered new binding: Move Up - Z
14:08:41.513 [JavaFX Application Thread] DEBUG Input                - Registered new binding: Move Down - S
14:08:41.515 [JavaFX Application Thread] INFO  FXGL                 - FXGL initialization took: 2,037 sec
14:08:41.515 [JavaFX Application Thread] DEBUG LoopRunner           - Starting loop
14:08:41.517 [JavaFX Application Thread] DEBUG StartupState         - STARTUP
14:08:41.517 [JavaFX Application Thread] DEBUG GameApplication      - Starting new game
14:08:41.518 [JavaFX Application Thread] DEBUG Input                - Clearing active input actions
14:08:41.519 [JavaFX Application Thread] DEBUG AssetLoader          - Loading from disk: /assets/ui/css/fxgl_dark.css
14:08:41.542 [JavaFX Application Thread] DEBUG AppStateMachine      - StartupState -> LoadingState
14:08:41.550 [FXGL Background Thread 1 ] DEBUG InitAppTask          - Clearing previous game
14:08:41.550 [FXGL Background Thread 1 ] DEBUG GameWorld            - Clearing game world
14:08:41.551 [FXGL Background Thread 1 ] DEBUG PhysicsWorld         - Clearing physics world
14:08:41.551 [FXGL Background Thread 1 ] DEBUG GameScene            - Clearing game scene
14:08:41.553 [FXGL Background Thread 1 ] DEBUG InitAppTask          - Initializing Game
14:08:41.598 [FXGL Background Thread 1 ] DEBUG AssetLoader          - Loading from disk: /assets/json/map5.json
14:08:42.039 [FXGL Background Thread 1 ] DEBUG GameWorld            - Clearing removable entities
14:08:42.039 [FXGL Background Thread 1 ] DEBUG GameWorld            - Setting level from map
14:08:42.068 [FXGL Background Thread 1 ] DEBUG AssetLoader          - Loading from disk: /assets/textures/tiles_12_grand.png
14:08:42.197 [FXGL Background Thread 1 ] DEBUG AssetLoader          - Loading from cache: /assets/textures/tiles_12_grand.png
14:08:42.198 [FXGL Background Thread 1 ] DEBUG AssetLoader          - Loading from cache: /assets/textures/tiles_12_grand.png
14:08:42.198 [FXGL Background Thread 1 ] DEBUG AssetLoader          - Loading from cache: /assets/textures/tiles_12_grand.png
14:08:42.198 [FXGL Background Thread 1 ] DEBUG AssetLoader          - Loading from cache: /assets/textures/tiles_12_grand.png
14:08:42.199 [FXGL Background Thread 1 ] DEBUG AssetLoader          - Loading from cache: /assets/textures/tiles_12_grand.png
14:08:42.199 [FXGL Background Thread 1 ] DEBUG AssetLoader          - Loading from cache: /assets/textures/tiles_12_grand.png
14:08:42.199 [FXGL Background Thread 1 ] DEBUG AssetLoader          - Loading from cache: /assets/textures/tiles_12_grand.png
14:08:42.200 [FXGL Background Thread 1 ] DEBUG AssetLoader          - Loading from cache: /assets/textures/tiles_12_grand.png
14:08:42.200 [FXGL Background Thread 1 ] DEBUG AssetLoader          - Loading from cache: /assets/textures/tiles_12_grand.png
14:08:42.200 [FXGL Background Thread 1 ] DEBUG AssetLoader          - Loading from cache: /assets/textures/tiles_12_grand.png
14:08:42.200 [FXGL Background Thread 1 ] DEBUG AssetLoader          - Loading from cache: /assets/textures/tiles_12_grand.png
14:08:42.201 [FXGL Background Thread 1 ] DEBUG AssetLoader          - Loading from cache: /assets/textures/tiles_12_grand.png
14:08:42.201 [FXGL Background Thread 1 ] DEBUG AssetLoader          - Loading from cache: /assets/textures/tiles_12_grand.png
14:08:42.201 [FXGL Background Thread 1 ] DEBUG AssetLoader          - Loading from cache: /assets/textures/tiles_12_grand.png
14:08:42.202 [FXGL Background Thread 1 ] DEBUG AssetLoader          - Loading from cache: /assets/textures/tiles_12_grand.png
14:08:42.202 [FXGL Background Thread 1 ] DEBUG AssetLoader          - Loading from cache: /assets/textures/tiles_12_grand.png
14:08:42.202 [FXGL Background Thread 1 ] DEBUG AssetLoader          - Loading from cache: /assets/textures/tiles_12_grand.png
14:08:42.202 [FXGL Background Thread 1 ] DEBUG AssetLoader          - Loading from cache: /assets/textures/tiles_12_grand.png
14:08:42.202 [FXGL Background Thread 1 ] DEBUG AssetLoader          - Loading from cache: /assets/textures/tiles_12_grand.png
14:08:42.203 [FXGL Background Thread 1 ] DEBUG AssetLoader          - Loading from cache: /assets/textures/tiles_12_grand.png
14:08:42.203 [FXGL Background Thread 1 ] DEBUG AssetLoader          - Loading from cache: /assets/textures/tiles_12_grand.png
14:08:42.203 [FXGL Background Thread 1 ] DEBUG AssetLoader          - Loading from cache: /assets/textures/tiles_12_grand.png
14:08:42.203 [FXGL Background Thread 1 ] DEBUG AssetLoader          - Loading from cache: /assets/textures/tiles_12_grand.png
14:08:42.204 [FXGL Background Thread 1 ] DEBUG AssetLoader          - Loading from cache: /assets/textures/tiles_12_grand.png
14:08:42.204 [FXGL Background Thread 1 ] DEBUG AssetLoader          - Loading from cache: /assets/textures/tiles_12_grand.png
14:08:42.204 [FXGL Background Thread 1 ] DEBUG AssetLoader          - Loading from cache: /assets/textures/tiles_12_grand.png
14:08:42.204 [FXGL Background Thread 1 ] DEBUG AssetLoader          - Loading from cache: /assets/textures/tiles_12_grand.png
14:08:42.205 [FXGL Background Thread 1 ] DEBUG AssetLoader          - Loading from cache: /assets/textures/tiles_12_grand.png
14:08:42.205 [FXGL Background Thread 1 ] DEBUG AssetLoader          - Loading from cache: /assets/textures/tiles_12_grand.png
14:08:42.205 [FXGL Background Thread 1 ] DEBUG AssetLoader          - Loading from cache: /assets/textures/tiles_12_grand.png
14:08:42.205 [FXGL Background Thread 1 ] DEBUG AssetLoader          - Loading from cache: /assets/textures/tiles_12_grand.png
14:08:42.206 [FXGL Background Thread 1 ] DEBUG AssetLoader          - Loading from cache: /assets/textures/tiles_12_grand.png
14:08:42.206 [FXGL Background Thread 1 ] DEBUG AssetLoader          - Loading from cache: /assets/textures/tiles_12_grand.png
14:08:42.206 [FXGL Background Thread 1 ] DEBUG AssetLoader          - Loading from cache: /assets/textures/tiles_12_grand.png
14:08:42.206 [FXGL Background Thread 1 ] DEBUG AssetLoader          - Loading from cache: /assets/textures/tiles_12_grand.png
14:08:42.206 [FXGL Background Thread 1 ] DEBUG AssetLoader          - Loading from cache: /assets/textures/tiles_12_grand.png
14:08:42.207 [FXGL Background Thread 1 ] DEBUG AssetLoader          - Loading from cache: /assets/textures/tiles_12_grand.png
14:08:42.207 [FXGL Background Thread 1 ] DEBUG AssetLoader          - Loading from cache: /assets/textures/tiles_12_grand.png
14:08:42.207 [FXGL Background Thread 1 ] DEBUG AssetLoader          - Loading from cache: /assets/textures/tiles_12_grand.png
14:08:42.207 [FXGL Background Thread 1 ] DEBUG AssetLoader          - Loading from cache: /assets/textures/tiles_12_grand.png
14:08:42.208 [FXGL Background Thread 1 ] DEBUG AssetLoader          - Loading from cache: /assets/textures/tiles_12_grand.png
14:08:42.208 [FXGL Background Thread 1 ] DEBUG AssetLoader          - Loading from cache: /assets/textures/tiles_12_grand.png
14:08:42.208 [FXGL Background Thread 1 ] DEBUG AssetLoader          - Loading from cache: /assets/textures/tiles_12_grand.png
14:08:42.208 [FXGL Background Thread 1 ] DEBUG AssetLoader          - Loading from cache: /assets/textures/tiles_12_grand.png
14:08:42.209 [FXGL Background Thread 1 ] DEBUG AssetLoader          - Loading from cache: /assets/textures/tiles_12_grand.png
14:08:42.209 [FXGL Background Thread 1 ] DEBUG AssetLoader          - Loading from cache: /assets/textures/tiles_12_grand.png
14:08:42.209 [FXGL Background Thread 1 ] DEBUG AssetLoader          - Loading from cache: /assets/textures/tiles_12_grand.png
14:08:42.209 [FXGL Background Thread 1 ] DEBUG AssetLoader          - Loading from cache: /assets/textures/tiles_12_grand.png
14:08:42.210 [FXGL Background Thread 1 ] DEBUG AssetLoader          - Loading from cache: /assets/textures/tiles_12_grand.png
14:08:42.210 [FXGL Background Thread 1 ] DEBUG AssetLoader          - Loading from cache: /assets/textures/tiles_12_grand.png
14:08:42.210 [FXGL Background Thread 1 ] DEBUG AssetLoader          - Loading from cache: /assets/textures/tiles_12_grand.png
14:08:42.210 [FXGL Background Thread 1 ] DEBUG AssetLoader          - Loading from cache: /assets/textures/tiles_12_grand.png
14:08:42.210 [FXGL Background Thread 1 ] DEBUG AssetLoader          - Loading from cache: /assets/textures/tiles_12_grand.png
14:08:42.211 [FXGL Background Thread 1 ] DEBUG AssetLoader          - Loading from cache: /assets/textures/tiles_12_grand.png
14:08:42.211 [FXGL Background Thread 1 ] DEBUG AssetLoader          - Loading from cache: /assets/textures/tiles_12_grand.png
14:08:42.211 [FXGL Background Thread 1 ] DEBUG AssetLoader          - Loading from cache: /assets/textures/tiles_12_grand.png
14:08:42.211 [FXGL Background Thread 1 ] DEBUG AssetLoader          - Loading from cache: /assets/textures/tiles_12_grand.png
14:08:42.211 [FXGL Background Thread 1 ] DEBUG AssetLoader          - Loading from cache: /assets/textures/tiles_12_grand.png
14:08:42.212 [FXGL Background Thread 1 ] DEBUG AssetLoader          - Loading from cache: /assets/textures/tiles_12_grand.png
14:08:42.212 [FXGL Background Thread 1 ] DEBUG AssetLoader          - Loading from cache: /assets/textures/tiles_12_grand.png
14:08:42.212 [FXGL Background Thread 1 ] DEBUG AssetLoader          - Loading from cache: /assets/textures/tiles_12_grand.png
14:08:42.212 [FXGL Background Thread 1 ] DEBUG AssetLoader          - Loading from cache: /assets/textures/tiles_12_grand.png
14:08:42.213 [FXGL Background Thread 1 ] DEBUG AssetLoader          - Loading from cache: /assets/textures/tiles_12_grand.png
14:08:42.214 [FXGL Background Thread 1 ] DEBUG AssetLoader          - Loading from cache: /assets/textures/tiles_12_grand.png
14:08:42.214 [FXGL Background Thread 1 ] DEBUG AssetLoader          - Loading from cache: /assets/textures/tiles_12_grand.png
14:08:42.214 [FXGL Background Thread 1 ] DEBUG AssetLoader          - Loading from cache: /assets/textures/tiles_12_grand.png
14:08:42.214 [FXGL Background Thread 1 ] DEBUG AssetLoader          - Loading from cache: /assets/textures/tiles_12_grand.png
14:08:42.215 [FXGL Background Thread 1 ] DEBUG AssetLoader          - Loading from cache: /assets/textures/tiles_12_grand.png
14:08:42.215 [FXGL Background Thread 1 ] DEBUG AssetLoader          - Loading from cache: /assets/textures/tiles_12_grand.png
14:08:42.215 [FXGL Background Thread 1 ] DEBUG AssetLoader          - Loading from cache: /assets/textures/tiles_12_grand.png
14:08:42.215 [FXGL Background Thread 1 ] DEBUG AssetLoader          - Loading from cache: /assets/textures/tiles_12_grand.png
14:08:42.216 [FXGL Background Thread 1 ] DEBUG AssetLoader          - Loading from cache: /assets/textures/tiles_12_grand.png
14:08:42.216 [FXGL Background Thread 1 ] DEBUG AssetLoader          - Loading from cache: /assets/textures/tiles_12_grand.png
14:08:42.216 [FXGL Background Thread 1 ] DEBUG AssetLoader          - Loading from cache: /assets/textures/tiles_12_grand.png
14:08:42.216 [FXGL Background Thread 1 ] DEBUG AssetLoader          - Loading from cache: /assets/textures/tiles_12_grand.png
14:08:42.216 [FXGL Background Thread 1 ] DEBUG AssetLoader          - Loading from cache: /assets/textures/tiles_12_grand.png
14:08:42.216 [FXGL Background Thread 1 ] DEBUG AssetLoader          - Loading from cache: /assets/textures/tiles_12_grand.png
14:08:42.217 [FXGL Background Thread 1 ] DEBUG AssetLoader          - Loading from cache: /assets/textures/tiles_12_grand.png
14:08:42.217 [FXGL Background Thread 1 ] DEBUG AssetLoader          - Loading from cache: /assets/textures/tiles_12_grand.png
14:08:42.217 [FXGL Background Thread 1 ] DEBUG AssetLoader          - Loading from cache: /assets/textures/tiles_12_grand.png
14:08:42.217 [FXGL Background Thread 1 ] DEBUG AssetLoader          - Loading from cache: /assets/textures/tiles_12_grand.png
14:08:42.217 [FXGL Background Thread 1 ] DEBUG AssetLoader          - Loading from cache: /assets/textures/tiles_12_grand.png
14:08:42.218 [FXGL Background Thread 1 ] DEBUG AssetLoader          - Loading from cache: /assets/textures/tiles_12_grand.png
14:08:42.218 [FXGL Background Thread 1 ] DEBUG AssetLoader          - Loading from cache: /assets/textures/tiles_12_grand.png
14:08:42.218 [FXGL Background Thread 1 ] DEBUG AssetLoader          - Loading from cache: /assets/textures/tiles_12_grand.png
14:08:42.218 [FXGL Background Thread 1 ] DEBUG AssetLoader          - Loading from cache: /assets/textures/tiles_12_grand.png
14:08:42.218 [FXGL Background Thread 1 ] DEBUG AssetLoader          - Loading from cache: /assets/textures/tiles_12_grand.png
14:08:42.222 [FXGL Background Thread 1 ] DEBUG GameScene            - Creating render group for layer: BACKGROUND(1000)
14:08:42.225 [FXGL Background Thread 1 ] DEBUG AssetLoader          - Loading from cache: /assets/textures/tiles_12_grand.png
14:08:42.226 [FXGL Background Thread 1 ] DEBUG AssetLoader          - Loading from cache: /assets/textures/tiles_12_grand.png
14:08:42.226 [FXGL Background Thread 1 ] DEBUG AssetLoader          - Loading from cache: /assets/textures/tiles_12_grand.png
14:08:42.226 [FXGL Background Thread 1 ] DEBUG AssetLoader          - Loading from cache: /assets/textures/tiles_12_grand.png
14:08:42.226 [FXGL Background Thread 1 ] DEBUG AssetLoader          - Loading from cache: /assets/textures/tiles_12_grand.png
14:08:42.226 [FXGL Background Thread 1 ] DEBUG AssetLoader          - Loading from cache: /assets/textures/tiles_12_grand.png
14:08:42.227 [FXGL Background Thread 1 ] DEBUG AssetLoader          - Loading from cache: /assets/textures/tiles_12_grand.png
14:08:42.227 [FXGL Background Thread 1 ] DEBUG AssetLoader          - Loading from cache: /assets/textures/tiles_12_grand.png
14:08:42.227 [FXGL Background Thread 1 ] DEBUG AssetLoader          - Loading from cache: /assets/textures/tiles_12_grand.png
14:08:42.227 [FXGL Background Thread 1 ] DEBUG AssetLoader          - Loading from cache: /assets/textures/tiles_12_grand.png
14:08:42.227 [FXGL Background Thread 1 ] DEBUG AssetLoader          - Loading from cache: /assets/textures/tiles_12_grand.png
14:08:42.228 [FXGL Background Thread 1 ] DEBUG AssetLoader          - Loading from cache: /assets/textures/tiles_12_grand.png
14:08:42.228 [FXGL Background Thread 1 ] DEBUG AssetLoader          - Loading from cache: /assets/textures/tiles_12_grand.png
14:08:42.228 [FXGL Background Thread 1 ] DEBUG AssetLoader          - Loading from cache: /assets/textures/tiles_12_grand.png
14:08:42.228 [FXGL Background Thread 1 ] DEBUG AssetLoader          - Loading from cache: /assets/textures/tiles_12_grand.png
14:08:42.228 [FXGL Background Thread 1 ] DEBUG AssetLoader          - Loading from cache: /assets/textures/tiles_12_grand.png
14:08:42.228 [FXGL Background Thread 1 ] DEBUG AssetLoader          - Loading from cache: /assets/textures/tiles_12_grand.png
14:08:42.229 [FXGL Background Thread 1 ] DEBUG AssetLoader          - Loading from cache: /assets/textures/tiles_12_grand.png
14:08:42.229 [FXGL Background Thread 1 ] DEBUG AssetLoader          - Loading from cache: /assets/textures/tiles_12_grand.png
14:08:42.229 [FXGL Background Thread 1 ] DEBUG AssetLoader          - Loading from cache: /assets/textures/tiles_12_grand.png
14:08:42.229 [FXGL Background Thread 1 ] DEBUG AssetLoader          - Loading from cache: /assets/textures/tiles_12_grand.png
14:08:42.229 [FXGL Background Thread 1 ] DEBUG AssetLoader          - Loading from cache: /assets/textures/tiles_12_grand.png
14:08:42.229 [FXGL Background Thread 1 ] DEBUG AssetLoader          - Loading from cache: /assets/textures/tiles_12_grand.png
14:08:42.230 [FXGL Background Thread 1 ] DEBUG AssetLoader          - Loading from cache: /assets/textures/tiles_12_grand.png
14:08:42.230 [FXGL Background Thread 1 ] DEBUG AssetLoader          - Loading from cache: /assets/textures/tiles_12_grand.png
14:08:42.230 [FXGL Background Thread 1 ] DEBUG AssetLoader          - Loading from cache: /assets/textures/tiles_12_grand.png
14:08:42.230 [FXGL Background Thread 1 ] DEBUG AssetLoader          - Loading from cache: /assets/textures/tiles_12_grand.png
14:08:42.230 [FXGL Background Thread 1 ] DEBUG AssetLoader          - Loading from cache: /assets/textures/tiles_12_grand.png
14:08:42.231 [FXGL Background Thread 1 ] DEBUG AssetLoader          - Loading from cache: /assets/textures/tiles_12_grand.png
14:08:42.231 [FXGL Background Thread 1 ] DEBUG AssetLoader          - Loading from cache: /assets/textures/tiles_12_grand.png
14:08:42.231 [FXGL Background Thread 1 ] DEBUG AssetLoader          - Loading from cache: /assets/textures/tiles_12_grand.png
14:08:42.231 [FXGL Background Thread 1 ] DEBUG AssetLoader          - Loading from cache: /assets/textures/tiles_12_grand.png
14:08:42.231 [FXGL Background Thread 1 ] DEBUG AssetLoader          - Loading from cache: /assets/textures/tiles_12_grand.png
14:08:42.232 [FXGL Background Thread 1 ] DEBUG AssetLoader          - Loading from cache: /assets/textures/tiles_12_grand.png
14:08:42.232 [FXGL Background Thread 1 ] DEBUG AssetLoader          - Loading from cache: /assets/textures/tiles_12_grand.png
14:08:42.232 [FXGL Background Thread 1 ] DEBUG AssetLoader          - Loading from cache: /assets/textures/tiles_12_grand.png
14:08:42.232 [FXGL Background Thread 1 ] DEBUG AssetLoader          - Loading from cache: /assets/textures/tiles_12_grand.png
14:08:42.232 [FXGL Background Thread 1 ] DEBUG AssetLoader          - Loading from cache: /assets/textures/tiles_12_grand.png
14:08:42.233 [FXGL Background Thread 1 ] DEBUG AssetLoader          - Loading from cache: /assets/textures/tiles_12_grand.png
14:08:42.233 [FXGL Background Thread 1 ] DEBUG AssetLoader          - Loading from cache: /assets/textures/tiles_12_grand.png
14:08:42.233 [FXGL Background Thread 1 ] DEBUG AssetLoader          - Loading from cache: /assets/textures/tiles_12_grand.png
14:08:42.233 [FXGL Background Thread 1 ] DEBUG AssetLoader          - Loading from cache: /assets/textures/tiles_12_grand.png
14:08:42.233 [FXGL Background Thread 1 ] DEBUG AssetLoader          - Loading from cache: /assets/textures/tiles_12_grand.png
14:08:42.234 [FXGL Background Thread 1 ] DEBUG AssetLoader          - Loading from cache: /assets/textures/tiles_12_grand.png
14:08:42.235 [FXGL Background Thread 1 ] DEBUG AssetLoader          - Loading from cache: /assets/textures/tiles_12_grand.png
14:08:42.235 [FXGL Background Thread 1 ] DEBUG AssetLoader          - Loading from cache: /assets/textures/tiles_12_grand.png
14:08:42.235 [FXGL Background Thread 1 ] DEBUG AssetLoader          - Loading from cache: /assets/textures/tiles_12_grand.png
14:08:42.241 [FXGL Background Thread 1 ] DEBUG GameScene            - Creating render group for layer: DEFAULT(100000)
14:08:42.246 [FXGL Background Thread 1 ] DEBUG AssetLoader          - Loading from disk: /assets/textures/mouse_fin.png
14:08:42.253 [FXGL Background Thread 1 ] DEBUG AssetLoader          - Loading from disk: /assets/textures/image.png
14:08:42.259 [FXGL Background Thread 1 ] DEBUG InitAppTask          - Initializing Physics
14:08:42.260 [FXGL Background Thread 1 ] DEBUG InitAppTask          - Initializing UI
14:08:42.261 [FXGL Background Thread 1 ] DEBUG InitAppTask          - Initialization Complete
14:08:42.261 [FXGL Background Thread 1 ] INFO  InitAppTask          - Game initialization took: 0,710 sec
14:08:42.271 [JavaFX Application Thread] DEBUG Input                - Clearing active input actions
14:08:42.271 [JavaFX Application Thread] DEBUG AssetLoader          - Loading from disk: /assets/ui/css/fxgl_dark.css
14:08:42.281 [JavaFX Application Thread] DEBUG AppStateMachine      - LoadingState -> PlayState
14:08:44.190 [JavaFX Application Thread] DEBUG AssetLoader          - Loading from cache: /assets/textures/image.png
14:08:44.853 [JavaFX Application Thread] DEBUG AssetLoader          - Loading from cache: /assets/textures/image.png
14:08:46.495 [JavaFX Application Thread] DEBUG FXGL                 - Exiting FXGL
14:08:46.495 [JavaFX Application Thread] DEBUG FXGL                 - Shutting down background threads
14:08:46.495 [JavaFX Application Thread] DEBUG FXGL                 - Saving FXGL system data
14:08:46.499 [JavaFX Application Thread] DEBUG DesktopFSService     - Writing to: system\fxgl.bundle
14:08:46.503 [JavaFX Application Thread] DEBUG FXGL                 - Closing logger and exiting JavaFX
