14:17:11.227 [JavaFX Application Thread] DEBUG GameApplication      - Logger initialized
14:17:11.245 [JavaFX Application Thread] DEBUG GameApplication      - Logging settings
Title: Basic Game App
Version: 0.1
Width: 640
Height: 640
Fullscreen: false
Intro: false
Menus: false
Profiling: false
Single step:false
App Mode: DEVELOPER
Menu Key: ESCAPE
Stage Style: DECORATED
Scene Factory: class com.almasb.fxgl.scene.SceneFactory
Dialog Factory: class com.almasb.fxgl.ui.FXGLDialogFactory
UI Factory: class com.almasb.fxgl.ui.FXGLUIFactory
Notification Service: class com.almasb.fxgl.gameplay.notification.XboxNotificationView
Exception Handler: class com.almasb.fxgl.app.FXGLExceptionHandler
14:17:11.245 [JavaFX Application Thread] DEBUG GameApplication      - Starting FXGL
14:17:11.258 [JavaFX Application Thread] INFO  FXGL                 - FXGL-0.5.4 on DESKTOP
14:17:11.259 [JavaFX Application Thread] INFO  FXGL                 - Source code and latest versions at: https://github.com/AlmasB/FXGL
14:17:11.259 [JavaFX Application Thread] INFO  FXGL                 -              Join the FXGL chat at: https://gitter.im/AlmasB/FXGL
14:17:11.260 [JavaFX Application Thread] DEBUG FXGL                 - FXGL started
14:17:11.260 [JavaFX Application Thread] DEBUG FXGL                 - Initializing FXGL
14:17:11.340 [JavaFX Application Thread] DEBUG AssetLoader          - Loading from disk: /assets/ui/cursors/fxgl_default.png
14:17:11.468 [JavaFX Application Thread] DEBUG AssetLoader          - Loading from disk: /assets/ui/fonts/VarelaRound-Regular.ttf
14:17:12.257 [JavaFX Application Thread] DEBUG MainWindow           - Creating a JavaFX scene
14:17:12.302 [JavaFX Application Thread] DEBUG MainWindow           - Target settings size: 640.0 x 640.0
14:17:12.302 [JavaFX Application Thread] DEBUG MainWindow           - Scaled scene size:    640.0 x 640.0
14:17:12.302 [JavaFX Application Thread] DEBUG MainWindow           - Scaled ratio: (1.0, 1.0)
14:17:12.319 [JavaFX Application Thread] DEBUG AssetLoader          - Loading from disk: /assets/ui/css/fxgl_dark.css
14:17:12.325 [JavaFX Application Thread] DEBUG AssetLoader          - Loading from disk: /assets/textures/fxgl_icon.png
14:17:12.369 [JavaFX Application Thread] DEBUG MainWindow           - Opening main window
14:17:12.639 [JavaFX Application Thread] DEBUG MainWindow           - Window border size: (16.0, 39.0)
14:17:12.639 [JavaFX Application Thread] DEBUG MainWindow           - Scaled size: 640.0 x 640.0
14:17:12.639 [JavaFX Application Thread] DEBUG MainWindow           - Scaled ratio: (1.0, 1.0)
14:17:12.640 [JavaFX Application Thread] DEBUG MainWindow           - Scene size: 640.0 x 640.0
14:17:12.640 [JavaFX Application Thread] DEBUG MainWindow           - Stage size: 656.0 x 679.0
14:17:12.705 [ForkJoinPool.commonPool-worker-1] DEBUG FS                   - Loaded DesktopFSService
14:17:12.705 [ForkJoinPool.commonPool-worker-1] DEBUG FXGL                 - Loading FXGL system data
14:17:12.718 [ForkJoinPool.commonPool-worker-1] DEBUG DesktopFSService     - Reading from: system\fxgl.bundle
14:17:12.734 [ForkJoinPool.commonPool-worker-1] DEBUG Bundle               - Logging bundle: FXGL
14:17:12.735 [ForkJoinPool.commonPool-worker-1] DEBUG Bundle               - FXGL.offline.timer.version.check=2020-10-19T13:05:03.376
14:17:12.736 [ForkJoinPool.commonPool-worker-1] DEBUG FXGL                 - Initializing state machine and application states
14:17:12.739 [ForkJoinPool.commonPool-worker-1] DEBUG AssetLoader          - Loading from disk: /assets/ui/cursors/fxgl_default.png
14:17:12.748 [ForkJoinPool.commonPool-worker-1] DEBUG AssetLoader          - Loading from disk: /assets/ui/cursors/fxgl_default.png
14:17:12.761 [ForkJoinPool.commonPool-worker-1] DEBUG AssetLoader          - Loading from cache: /assets/ui/fonts/VarelaRound-Regular.ttf
14:17:12.768 [ForkJoinPool.commonPool-worker-1] DEBUG AssetLoader          - Loading from disk: /assets/ui/cursors/fxgl_default.png
14:17:12.773 [ForkJoinPool.commonPool-worker-1] DEBUG GameScene            - Game scene initialized: 640x640
14:17:12.782 [ForkJoinPool.commonPool-worker-1] DEBUG GameWorld            - Game world initialized
14:17:12.898 [ForkJoinPool.commonPool-worker-1] DEBUG PhysicsWorld         - Physics world initialized: appHeight=640, physics.ppm=50,0
14:17:12.957 [ForkJoinPool.commonPool-worker-1] DEBUG Input                - Registered new binding: Pause - Esc
14:17:13.024 [JavaFX Application Thread] DEBUG FXGL                 - Running preInit()
14:17:13.026 [JavaFX Application Thread] DEBUG Input                - Registered new binding: Screenshot - P
14:17:13.027 [JavaFX Application Thread] DEBUG Input                - Registered new binding: Dev Options - CTRL+0
14:17:13.028 [JavaFX Application Thread] DEBUG Input                - Registered new binding: System info dump - CTRL+9
14:17:13.029 [JavaFX Application Thread] DEBUG Input                - Registered new binding: Restart - CTRL+R
14:17:13.029 [JavaFX Application Thread] DEBUG Input                - Registered new binding: Move Right - D
14:17:13.030 [JavaFX Application Thread] DEBUG Input                - Registered new binding: Move Left - Q
14:17:13.030 [JavaFX Application Thread] DEBUG Input                - Registered new binding: Move Up - Z
14:17:13.031 [JavaFX Application Thread] DEBUG Input                - Registered new binding: Move Down - S
14:17:13.032 [JavaFX Application Thread] INFO  FXGL                 - FXGL initialization took: 1,771 sec
14:17:13.032 [JavaFX Application Thread] DEBUG LoopRunner           - Starting loop
14:17:13.034 [JavaFX Application Thread] DEBUG StartupState         - STARTUP
14:17:13.034 [JavaFX Application Thread] DEBUG GameApplication      - Starting new game
14:17:13.035 [JavaFX Application Thread] DEBUG Input                - Clearing active input actions
14:17:13.036 [JavaFX Application Thread] DEBUG AssetLoader          - Loading from disk: /assets/ui/css/fxgl_dark.css
14:17:13.058 [JavaFX Application Thread] DEBUG AppStateMachine      - StartupState -> LoadingState
14:17:13.067 [FXGL Background Thread 1 ] DEBUG InitAppTask          - Clearing previous game
14:17:13.067 [FXGL Background Thread 1 ] DEBUG GameWorld            - Clearing game world
14:17:13.067 [FXGL Background Thread 1 ] DEBUG PhysicsWorld         - Clearing physics world
14:17:13.068 [FXGL Background Thread 1 ] DEBUG GameScene            - Clearing game scene
14:17:13.070 [FXGL Background Thread 1 ] DEBUG InitAppTask          - Initializing Game
14:17:13.120 [FXGL Background Thread 1 ] DEBUG AssetLoader          - Loading from disk: /assets/json/map5.json
14:17:13.529 [FXGL Background Thread 1 ] DEBUG GameWorld            - Clearing removable entities
14:17:13.529 [FXGL Background Thread 1 ] DEBUG GameWorld            - Setting level from map
14:17:13.557 [FXGL Background Thread 1 ] DEBUG AssetLoader          - Loading from disk: /assets/textures/tiles_12_grand.png
14:17:13.692 [FXGL Background Thread 1 ] DEBUG AssetLoader          - Loading from cache: /assets/textures/tiles_12_grand.png
14:17:13.692 [FXGL Background Thread 1 ] DEBUG AssetLoader          - Loading from cache: /assets/textures/tiles_12_grand.png
14:17:13.692 [FXGL Background Thread 1 ] DEBUG AssetLoader          - Loading from cache: /assets/textures/tiles_12_grand.png
14:17:13.693 [FXGL Background Thread 1 ] DEBUG AssetLoader          - Loading from cache: /assets/textures/tiles_12_grand.png
14:17:13.693 [FXGL Background Thread 1 ] DEBUG AssetLoader          - Loading from cache: /assets/textures/tiles_12_grand.png
14:17:13.693 [FXGL Background Thread 1 ] DEBUG AssetLoader          - Loading from cache: /assets/textures/tiles_12_grand.png
14:17:13.693 [FXGL Background Thread 1 ] DEBUG AssetLoader          - Loading from cache: /assets/textures/tiles_12_grand.png
14:17:13.693 [FXGL Background Thread 1 ] DEBUG AssetLoader          - Loading from cache: /assets/textures/tiles_12_grand.png
14:17:13.694 [FXGL Background Thread 1 ] DEBUG AssetLoader          - Loading from cache: /assets/textures/tiles_12_grand.png
14:17:13.694 [FXGL Background Thread 1 ] DEBUG AssetLoader          - Loading from cache: /assets/textures/tiles_12_grand.png
14:17:13.694 [FXGL Background Thread 1 ] DEBUG AssetLoader          - Loading from cache: /assets/textures/tiles_12_grand.png
14:17:13.694 [FXGL Background Thread 1 ] DEBUG AssetLoader          - Loading from cache: /assets/textures/tiles_12_grand.png
14:17:13.695 [FXGL Background Thread 1 ] DEBUG AssetLoader          - Loading from cache: /assets/textures/tiles_12_grand.png
14:17:13.695 [FXGL Background Thread 1 ] DEBUG AssetLoader          - Loading from cache: /assets/textures/tiles_12_grand.png
14:17:13.695 [FXGL Background Thread 1 ] DEBUG AssetLoader          - Loading from cache: /assets/textures/tiles_12_grand.png
14:17:13.695 [FXGL Background Thread 1 ] DEBUG AssetLoader          - Loading from cache: /assets/textures/tiles_12_grand.png
14:17:13.695 [FXGL Background Thread 1 ] DEBUG AssetLoader          - Loading from cache: /assets/textures/tiles_12_grand.png
14:17:13.696 [FXGL Background Thread 1 ] DEBUG AssetLoader          - Loading from cache: /assets/textures/tiles_12_grand.png
14:17:13.696 [FXGL Background Thread 1 ] DEBUG AssetLoader          - Loading from cache: /assets/textures/tiles_12_grand.png
14:17:13.696 [FXGL Background Thread 1 ] DEBUG AssetLoader          - Loading from cache: /assets/textures/tiles_12_grand.png
14:17:13.696 [FXGL Background Thread 1 ] DEBUG AssetLoader          - Loading from cache: /assets/textures/tiles_12_grand.png
14:17:13.696 [FXGL Background Thread 1 ] DEBUG AssetLoader          - Loading from cache: /assets/textures/tiles_12_grand.png
14:17:13.697 [FXGL Background Thread 1 ] DEBUG AssetLoader          - Loading from cache: /assets/textures/tiles_12_grand.png
14:17:13.697 [FXGL Background Thread 1 ] DEBUG AssetLoader          - Loading from cache: /assets/textures/tiles_12_grand.png
14:17:13.697 [FXGL Background Thread 1 ] DEBUG AssetLoader          - Loading from cache: /assets/textures/tiles_12_grand.png
14:17:13.697 [FXGL Background Thread 1 ] DEBUG AssetLoader          - Loading from cache: /assets/textures/tiles_12_grand.png
14:17:13.697 [FXGL Background Thread 1 ] DEBUG AssetLoader          - Loading from cache: /assets/textures/tiles_12_grand.png
14:17:13.697 [FXGL Background Thread 1 ] DEBUG AssetLoader          - Loading from cache: /assets/textures/tiles_12_grand.png
14:17:13.698 [FXGL Background Thread 1 ] DEBUG AssetLoader          - Loading from cache: /assets/textures/tiles_12_grand.png
14:17:13.698 [FXGL Background Thread 1 ] DEBUG AssetLoader          - Loading from cache: /assets/textures/tiles_12_grand.png
14:17:13.698 [FXGL Background Thread 1 ] DEBUG AssetLoader          - Loading from cache: /assets/textures/tiles_12_grand.png
14:17:13.698 [FXGL Background Thread 1 ] DEBUG AssetLoader          - Loading from cache: /assets/textures/tiles_12_grand.png
14:17:13.699 [FXGL Background Thread 1 ] DEBUG AssetLoader          - Loading from cache: /assets/textures/tiles_12_grand.png
14:17:13.699 [FXGL Background Thread 1 ] DEBUG AssetLoader          - Loading from cache: /assets/textures/tiles_12_grand.png
14:17:13.699 [FXGL Background Thread 1 ] DEBUG AssetLoader          - Loading from cache: /assets/textures/tiles_12_grand.png
14:17:13.699 [FXGL Background Thread 1 ] DEBUG AssetLoader          - Loading from cache: /assets/textures/tiles_12_grand.png
14:17:13.699 [FXGL Background Thread 1 ] DEBUG AssetLoader          - Loading from cache: /assets/textures/tiles_12_grand.png
14:17:13.700 [FXGL Background Thread 1 ] DEBUG AssetLoader          - Loading from cache: /assets/textures/tiles_12_grand.png
14:17:13.700 [FXGL Background Thread 1 ] DEBUG AssetLoader          - Loading from cache: /assets/textures/tiles_12_grand.png
14:17:13.700 [FXGL Background Thread 1 ] DEBUG AssetLoader          - Loading from cache: /assets/textures/tiles_12_grand.png
14:17:13.700 [FXGL Background Thread 1 ] DEBUG AssetLoader          - Loading from cache: /assets/textures/tiles_12_grand.png
14:17:13.700 [FXGL Background Thread 1 ] DEBUG AssetLoader          - Loading from cache: /assets/textures/tiles_12_grand.png
14:17:13.701 [FXGL Background Thread 1 ] DEBUG AssetLoader          - Loading from cache: /assets/textures/tiles_12_grand.png
14:17:13.701 [FXGL Background Thread 1 ] DEBUG AssetLoader          - Loading from cache: /assets/textures/tiles_12_grand.png
14:17:13.701 [FXGL Background Thread 1 ] DEBUG AssetLoader          - Loading from cache: /assets/textures/tiles_12_grand.png
14:17:13.701 [FXGL Background Thread 1 ] DEBUG AssetLoader          - Loading from cache: /assets/textures/tiles_12_grand.png
14:17:13.701 [FXGL Background Thread 1 ] DEBUG AssetLoader          - Loading from cache: /assets/textures/tiles_12_grand.png
14:17:13.702 [FXGL Background Thread 1 ] DEBUG AssetLoader          - Loading from cache: /assets/textures/tiles_12_grand.png
14:17:13.702 [FXGL Background Thread 1 ] DEBUG AssetLoader          - Loading from cache: /assets/textures/tiles_12_grand.png
14:17:13.702 [FXGL Background Thread 1 ] DEBUG AssetLoader          - Loading from cache: /assets/textures/tiles_12_grand.png
14:17:13.702 [FXGL Background Thread 1 ] DEBUG AssetLoader          - Loading from cache: /assets/textures/tiles_12_grand.png
14:17:13.702 [FXGL Background Thread 1 ] DEBUG AssetLoader          - Loading from cache: /assets/textures/tiles_12_grand.png
14:17:13.702 [FXGL Background Thread 1 ] DEBUG AssetLoader          - Loading from cache: /assets/textures/tiles_12_grand.png
14:17:13.703 [FXGL Background Thread 1 ] DEBUG AssetLoader          - Loading from cache: /assets/textures/tiles_12_grand.png
14:17:13.703 [FXGL Background Thread 1 ] DEBUG AssetLoader          - Loading from cache: /assets/textures/tiles_12_grand.png
14:17:13.703 [FXGL Background Thread 1 ] DEBUG AssetLoader          - Loading from cache: /assets/textures/tiles_12_grand.png
14:17:13.703 [FXGL Background Thread 1 ] DEBUG AssetLoader          - Loading from cache: /assets/textures/tiles_12_grand.png
14:17:13.703 [FXGL Background Thread 1 ] DEBUG AssetLoader          - Loading from cache: /assets/textures/tiles_12_grand.png
14:17:13.704 [FXGL Background Thread 1 ] DEBUG AssetLoader          - Loading from cache: /assets/textures/tiles_12_grand.png
14:17:13.704 [FXGL Background Thread 1 ] DEBUG AssetLoader          - Loading from cache: /assets/textures/tiles_12_grand.png
14:17:13.704 [FXGL Background Thread 1 ] DEBUG AssetLoader          - Loading from cache: /assets/textures/tiles_12_grand.png
14:17:13.704 [FXGL Background Thread 1 ] DEBUG AssetLoader          - Loading from cache: /assets/textures/tiles_12_grand.png
14:17:13.705 [FXGL Background Thread 1 ] DEBUG AssetLoader          - Loading from cache: /assets/textures/tiles_12_grand.png
14:17:13.705 [FXGL Background Thread 1 ] DEBUG AssetLoader          - Loading from cache: /assets/textures/tiles_12_grand.png
14:17:13.705 [FXGL Background Thread 1 ] DEBUG AssetLoader          - Loading from cache: /assets/textures/tiles_12_grand.png
14:17:13.705 [FXGL Background Thread 1 ] DEBUG AssetLoader          - Loading from cache: /assets/textures/tiles_12_grand.png
14:17:13.705 [FXGL Background Thread 1 ] DEBUG AssetLoader          - Loading from cache: /assets/textures/tiles_12_grand.png
14:17:13.706 [FXGL Background Thread 1 ] DEBUG AssetLoader          - Loading from cache: /assets/textures/tiles_12_grand.png
14:17:13.706 [FXGL Background Thread 1 ] DEBUG AssetLoader          - Loading from cache: /assets/textures/tiles_12_grand.png
14:17:13.706 [FXGL Background Thread 1 ] DEBUG AssetLoader          - Loading from cache: /assets/textures/tiles_12_grand.png
14:17:13.706 [FXGL Background Thread 1 ] DEBUG AssetLoader          - Loading from cache: /assets/textures/tiles_12_grand.png
14:17:13.707 [FXGL Background Thread 1 ] DEBUG AssetLoader          - Loading from cache: /assets/textures/tiles_12_grand.png
14:17:13.707 [FXGL Background Thread 1 ] DEBUG AssetLoader          - Loading from cache: /assets/textures/tiles_12_grand.png
14:17:13.707 [FXGL Background Thread 1 ] DEBUG AssetLoader          - Loading from cache: /assets/textures/tiles_12_grand.png
14:17:13.707 [FXGL Background Thread 1 ] DEBUG AssetLoader          - Loading from cache: /assets/textures/tiles_12_grand.png
14:17:13.707 [FXGL Background Thread 1 ] DEBUG AssetLoader          - Loading from cache: /assets/textures/tiles_12_grand.png
14:17:13.708 [FXGL Background Thread 1 ] DEBUG AssetLoader          - Loading from cache: /assets/textures/tiles_12_grand.png
14:17:13.708 [FXGL Background Thread 1 ] DEBUG AssetLoader          - Loading from cache: /assets/textures/tiles_12_grand.png
14:17:13.708 [FXGL Background Thread 1 ] DEBUG AssetLoader          - Loading from cache: /assets/textures/tiles_12_grand.png
14:17:13.708 [FXGL Background Thread 1 ] DEBUG AssetLoader          - Loading from cache: /assets/textures/tiles_12_grand.png
14:17:13.708 [FXGL Background Thread 1 ] DEBUG AssetLoader          - Loading from cache: /assets/textures/tiles_12_grand.png
14:17:13.708 [FXGL Background Thread 1 ] DEBUG AssetLoader          - Loading from cache: /assets/textures/tiles_12_grand.png
14:17:13.709 [FXGL Background Thread 1 ] DEBUG AssetLoader          - Loading from cache: /assets/textures/tiles_12_grand.png
14:17:13.709 [FXGL Background Thread 1 ] DEBUG AssetLoader          - Loading from cache: /assets/textures/tiles_12_grand.png
14:17:13.709 [FXGL Background Thread 1 ] DEBUG AssetLoader          - Loading from cache: /assets/textures/tiles_12_grand.png
14:17:13.709 [FXGL Background Thread 1 ] DEBUG AssetLoader          - Loading from cache: /assets/textures/tiles_12_grand.png
14:17:13.709 [FXGL Background Thread 1 ] DEBUG AssetLoader          - Loading from cache: /assets/textures/tiles_12_grand.png
14:17:13.713 [FXGL Background Thread 1 ] DEBUG GameScene            - Creating render group for layer: BACKGROUND(1000)
14:17:13.716 [FXGL Background Thread 1 ] DEBUG AssetLoader          - Loading from cache: /assets/textures/tiles_12_grand.png
14:17:13.716 [FXGL Background Thread 1 ] DEBUG AssetLoader          - Loading from cache: /assets/textures/tiles_12_grand.png
14:17:13.716 [FXGL Background Thread 1 ] DEBUG AssetLoader          - Loading from cache: /assets/textures/tiles_12_grand.png
14:17:13.717 [FXGL Background Thread 1 ] DEBUG AssetLoader          - Loading from cache: /assets/textures/tiles_12_grand.png
14:17:13.717 [FXGL Background Thread 1 ] DEBUG AssetLoader          - Loading from cache: /assets/textures/tiles_12_grand.png
14:17:13.717 [FXGL Background Thread 1 ] DEBUG AssetLoader          - Loading from cache: /assets/textures/tiles_12_grand.png
14:17:13.717 [FXGL Background Thread 1 ] DEBUG AssetLoader          - Loading from cache: /assets/textures/tiles_12_grand.png
14:17:13.717 [FXGL Background Thread 1 ] DEBUG AssetLoader          - Loading from cache: /assets/textures/tiles_12_grand.png
14:17:13.717 [FXGL Background Thread 1 ] DEBUG AssetLoader          - Loading from cache: /assets/textures/tiles_12_grand.png
14:17:13.718 [FXGL Background Thread 1 ] DEBUG AssetLoader          - Loading from cache: /assets/textures/tiles_12_grand.png
14:17:13.718 [FXGL Background Thread 1 ] DEBUG AssetLoader          - Loading from cache: /assets/textures/tiles_12_grand.png
14:17:13.718 [FXGL Background Thread 1 ] DEBUG AssetLoader          - Loading from cache: /assets/textures/tiles_12_grand.png
14:17:13.718 [FXGL Background Thread 1 ] DEBUG AssetLoader          - Loading from cache: /assets/textures/tiles_12_grand.png
14:17:13.718 [FXGL Background Thread 1 ] DEBUG AssetLoader          - Loading from cache: /assets/textures/tiles_12_grand.png
14:17:13.718 [FXGL Background Thread 1 ] DEBUG AssetLoader          - Loading from cache: /assets/textures/tiles_12_grand.png
14:17:13.719 [FXGL Background Thread 1 ] DEBUG AssetLoader          - Loading from cache: /assets/textures/tiles_12_grand.png
14:17:13.719 [FXGL Background Thread 1 ] DEBUG AssetLoader          - Loading from cache: /assets/textures/tiles_12_grand.png
14:17:13.719 [FXGL Background Thread 1 ] DEBUG AssetLoader          - Loading from cache: /assets/textures/tiles_12_grand.png
14:17:13.719 [FXGL Background Thread 1 ] DEBUG AssetLoader          - Loading from cache: /assets/textures/tiles_12_grand.png
14:17:13.719 [FXGL Background Thread 1 ] DEBUG AssetLoader          - Loading from cache: /assets/textures/tiles_12_grand.png
14:17:13.719 [FXGL Background Thread 1 ] DEBUG AssetLoader          - Loading from cache: /assets/textures/tiles_12_grand.png
14:17:13.720 [FXGL Background Thread 1 ] DEBUG AssetLoader          - Loading from cache: /assets/textures/tiles_12_grand.png
14:17:13.720 [FXGL Background Thread 1 ] DEBUG AssetLoader          - Loading from cache: /assets/textures/tiles_12_grand.png
14:17:13.720 [FXGL Background Thread 1 ] DEBUG AssetLoader          - Loading from cache: /assets/textures/tiles_12_grand.png
14:17:13.720 [FXGL Background Thread 1 ] DEBUG AssetLoader          - Loading from cache: /assets/textures/tiles_12_grand.png
14:17:13.720 [FXGL Background Thread 1 ] DEBUG AssetLoader          - Loading from cache: /assets/textures/tiles_12_grand.png
14:17:13.720 [FXGL Background Thread 1 ] DEBUG AssetLoader          - Loading from cache: /assets/textures/tiles_12_grand.png
14:17:13.721 [FXGL Background Thread 1 ] DEBUG AssetLoader          - Loading from cache: /assets/textures/tiles_12_grand.png
14:17:13.721 [FXGL Background Thread 1 ] DEBUG AssetLoader          - Loading from cache: /assets/textures/tiles_12_grand.png
14:17:13.721 [FXGL Background Thread 1 ] DEBUG AssetLoader          - Loading from cache: /assets/textures/tiles_12_grand.png
14:17:13.721 [FXGL Background Thread 1 ] DEBUG AssetLoader          - Loading from cache: /assets/textures/tiles_12_grand.png
14:17:13.721 [FXGL Background Thread 1 ] DEBUG AssetLoader          - Loading from cache: /assets/textures/tiles_12_grand.png
14:17:13.721 [FXGL Background Thread 1 ] DEBUG AssetLoader          - Loading from cache: /assets/textures/tiles_12_grand.png
14:17:13.722 [FXGL Background Thread 1 ] DEBUG AssetLoader          - Loading from cache: /assets/textures/tiles_12_grand.png
14:17:13.722 [FXGL Background Thread 1 ] DEBUG AssetLoader          - Loading from cache: /assets/textures/tiles_12_grand.png
14:17:13.722 [FXGL Background Thread 1 ] DEBUG AssetLoader          - Loading from cache: /assets/textures/tiles_12_grand.png
14:17:13.722 [FXGL Background Thread 1 ] DEBUG AssetLoader          - Loading from cache: /assets/textures/tiles_12_grand.png
14:17:13.722 [FXGL Background Thread 1 ] DEBUG AssetLoader          - Loading from cache: /assets/textures/tiles_12_grand.png
14:17:13.723 [FXGL Background Thread 1 ] DEBUG AssetLoader          - Loading from cache: /assets/textures/tiles_12_grand.png
14:17:13.723 [FXGL Background Thread 1 ] DEBUG AssetLoader          - Loading from cache: /assets/textures/tiles_12_grand.png
14:17:13.723 [FXGL Background Thread 1 ] DEBUG AssetLoader          - Loading from cache: /assets/textures/tiles_12_grand.png
14:17:13.723 [FXGL Background Thread 1 ] DEBUG AssetLoader          - Loading from cache: /assets/textures/tiles_12_grand.png
14:17:13.723 [FXGL Background Thread 1 ] DEBUG AssetLoader          - Loading from cache: /assets/textures/tiles_12_grand.png
14:17:13.723 [FXGL Background Thread 1 ] DEBUG AssetLoader          - Loading from cache: /assets/textures/tiles_12_grand.png
14:17:13.725 [FXGL Background Thread 1 ] DEBUG AssetLoader          - Loading from cache: /assets/textures/tiles_12_grand.png
14:17:13.725 [FXGL Background Thread 1 ] DEBUG AssetLoader          - Loading from cache: /assets/textures/tiles_12_grand.png
14:17:13.725 [FXGL Background Thread 1 ] DEBUG AssetLoader          - Loading from cache: /assets/textures/tiles_12_grand.png
14:17:13.730 [FXGL Background Thread 1 ] DEBUG GameScene            - Creating render group for layer: DEFAULT(100000)
14:17:13.735 [FXGL Background Thread 1 ] DEBUG AssetLoader          - Loading from disk: /assets/textures/mouse_fin.png
14:17:13.742 [FXGL Background Thread 1 ] DEBUG AssetLoader          - Loading from disk: /assets/textures/image.png
14:17:13.749 [FXGL Background Thread 1 ] DEBUG InitAppTask          - Initializing Physics
14:17:13.749 [FXGL Background Thread 1 ] DEBUG InitAppTask          - Initializing UI
14:17:13.750 [FXGL Background Thread 1 ] DEBUG InitAppTask          - Initialization Complete
14:17:13.750 [FXGL Background Thread 1 ] INFO  InitAppTask          - Game initialization took: 0,682 sec
14:17:13.762 [JavaFX Application Thread] DEBUG Input                - Clearing active input actions
14:17:13.762 [JavaFX Application Thread] DEBUG AssetLoader          - Loading from disk: /assets/ui/css/fxgl_dark.css
14:17:13.771 [JavaFX Application Thread] DEBUG AppStateMachine      - LoadingState -> PlayState
14:17:16.990 [JavaFX Application Thread] DEBUG AssetLoader          - Loading from cache: /assets/textures/image.png
14:17:20.777 [JavaFX Application Thread] DEBUG AssetLoader          - Loading from cache: /assets/textures/image.png
14:17:22.256 [JavaFX Application Thread] DEBUG FXGL                 - Exiting FXGL
14:17:22.256 [JavaFX Application Thread] DEBUG FXGL                 - Shutting down background threads
14:17:22.257 [JavaFX Application Thread] DEBUG FXGL                 - Saving FXGL system data
14:17:22.260 [JavaFX Application Thread] DEBUG DesktopFSService     - Writing to: system\fxgl.bundle
14:17:22.265 [JavaFX Application Thread] DEBUG FXGL                 - Closing logger and exiting JavaFX
