15:23:25.441 [JavaFX Application Thread] DEBUG GameApplication      - Logger initialized
15:23:25.467 [JavaFX Application Thread] DEBUG GameApplication      - Logging settings
Title: Basic Game App
Version: 0.1
Width: 640
Height: 640
Fullscreen: false
Intro: false
Menus: false
Profiling: false
Single step:false
App Mode: DEVELOPER
Menu Key: ESCAPE
Stage Style: DECORATED
Scene Factory: class com.almasb.fxgl.scene.SceneFactory
Dialog Factory: class com.almasb.fxgl.ui.FXGLDialogFactory
UI Factory: class com.almasb.fxgl.ui.FXGLUIFactory
Notification Service: class com.almasb.fxgl.gameplay.notification.XboxNotificationView
Exception Handler: class com.almasb.fxgl.app.FXGLExceptionHandler
15:23:25.467 [JavaFX Application Thread] DEBUG GameApplication      - Starting FXGL
15:23:25.476 [JavaFX Application Thread] INFO  FXGL                 - FXGL-0.5.4 on DESKTOP
15:23:25.478 [JavaFX Application Thread] INFO  FXGL                 - Source code and latest versions at: https://github.com/AlmasB/FXGL
15:23:25.478 [JavaFX Application Thread] INFO  FXGL                 -              Join the FXGL chat at: https://gitter.im/AlmasB/FXGL
15:23:25.478 [JavaFX Application Thread] DEBUG FXGL                 - FXGL started
15:23:25.478 [JavaFX Application Thread] DEBUG FXGL                 - Initializing FXGL
15:23:25.560 [JavaFX Application Thread] DEBUG AssetLoader          - Loading from disk: /assets/ui/cursors/fxgl_default.png
15:23:25.646 [JavaFX Application Thread] DEBUG AssetLoader          - Loading from disk: /assets/ui/fonts/VarelaRound-Regular.ttf
15:23:25.870 [JavaFX Application Thread] DEBUG MainWindow           - Creating a JavaFX scene
15:23:25.931 [JavaFX Application Thread] DEBUG MainWindow           - Target settings size: 640.0 x 640.0
15:23:25.931 [JavaFX Application Thread] DEBUG MainWindow           - Scaled scene size:    640.0 x 640.0
15:23:25.932 [JavaFX Application Thread] DEBUG MainWindow           - Scaled ratio: (1.0, 1.0)
15:23:25.959 [JavaFX Application Thread] DEBUG AssetLoader          - Loading from disk: /assets/ui/css/fxgl_dark.css
15:23:25.966 [JavaFX Application Thread] DEBUG AssetLoader          - Loading from disk: /assets/textures/fxgl_icon.png
15:23:25.982 [JavaFX Application Thread] DEBUG MainWindow           - Opening main window
15:23:26.276 [JavaFX Application Thread] DEBUG MainWindow           - Window border size: (16.0, 39.0)
15:23:26.276 [JavaFX Application Thread] DEBUG MainWindow           - Scaled size: 640.0 x 640.0
15:23:26.276 [JavaFX Application Thread] DEBUG MainWindow           - Scaled ratio: (1.0, 1.0)
15:23:26.277 [JavaFX Application Thread] DEBUG MainWindow           - Scene size: 640.0 x 640.0
15:23:26.277 [JavaFX Application Thread] DEBUG MainWindow           - Stage size: 656.0 x 679.0
15:23:26.520 [ForkJoinPool.commonPool-worker-1] DEBUG FS                   - Loaded DesktopFSService
15:23:26.521 [ForkJoinPool.commonPool-worker-1] DEBUG FXGL                 - Loading FXGL system data
15:23:26.542 [ForkJoinPool.commonPool-worker-1] DEBUG DesktopFSService     - Reading from: system\fxgl.bundle
15:23:26.565 [ForkJoinPool.commonPool-worker-1] DEBUG Bundle               - Logging bundle: FXGL
15:23:26.566 [ForkJoinPool.commonPool-worker-1] DEBUG Bundle               - FXGL.offline.timer.version.check=2020-11-03T15:45:22.253
15:23:26.567 [ForkJoinPool.commonPool-worker-1] DEBUG FXGL                 - Initializing state machine and application states
15:23:26.570 [ForkJoinPool.commonPool-worker-1] DEBUG AssetLoader          - Loading from disk: /assets/ui/cursors/fxgl_default.png
15:23:26.582 [ForkJoinPool.commonPool-worker-1] DEBUG AssetLoader          - Loading from disk: /assets/ui/cursors/fxgl_default.png
15:23:26.595 [ForkJoinPool.commonPool-worker-1] DEBUG AssetLoader          - Loading from cache: /assets/ui/fonts/VarelaRound-Regular.ttf
15:23:26.600 [ForkJoinPool.commonPool-worker-1] DEBUG AssetLoader          - Loading from disk: /assets/ui/cursors/fxgl_default.png
15:23:26.606 [ForkJoinPool.commonPool-worker-1] DEBUG GameScene            - Game scene initialized: 640x640
15:23:26.646 [ForkJoinPool.commonPool-worker-1] DEBUG GameWorld            - Game world initialized
15:23:26.756 [ForkJoinPool.commonPool-worker-1] DEBUG PhysicsWorld         - Physics world initialized: appHeight=640, physics.ppm=50,0
15:23:26.808 [ForkJoinPool.commonPool-worker-1] DEBUG Input                - Registered new binding: Pause - Esc
15:23:26.954 [JavaFX Application Thread] DEBUG FXGL                 - Running preInit()
15:23:26.959 [JavaFX Application Thread] DEBUG Input                - Registered new binding: Screenshot - P
15:23:26.960 [JavaFX Application Thread] DEBUG Input                - Registered new binding: Dev Options - CTRL+0
15:23:26.961 [JavaFX Application Thread] DEBUG Input                - Registered new binding: System info dump - CTRL+9
15:23:26.962 [JavaFX Application Thread] DEBUG Input                - Registered new binding: Restart - CTRL+R
15:23:26.963 [JavaFX Application Thread] DEBUG Input                - Registered new binding: Move Right - D
15:23:26.964 [JavaFX Application Thread] DEBUG Input                - Registered new binding: Move Up - Z
15:23:26.965 [JavaFX Application Thread] DEBUG Input                - Registered new binding: Move Down - S
15:23:26.966 [JavaFX Application Thread] DEBUG Input                - Registered new binding: Move Left - Q
15:23:26.969 [JavaFX Application Thread] INFO  FXGL                 - FXGL initialization took: 1,489 sec
15:23:26.971 [JavaFX Application Thread] DEBUG LoopRunner           - Starting loop
15:23:26.974 [JavaFX Application Thread] DEBUG StartupState         - STARTUP
15:23:26.974 [JavaFX Application Thread] DEBUG GameApplication      - Starting new game
15:23:26.974 [JavaFX Application Thread] DEBUG Input                - Clearing active input actions
15:23:26.976 [JavaFX Application Thread] DEBUG AssetLoader          - Loading from disk: /assets/ui/css/fxgl_dark.css
15:23:26.987 [JavaFX Application Thread] DEBUG AppStateMachine      - StartupState -> LoadingState
15:23:27.017 [FXGL Background Thread 1 ] DEBUG InitAppTask          - Clearing previous game
15:23:27.017 [FXGL Background Thread 1 ] DEBUG GameWorld            - Clearing game world
15:23:27.017 [FXGL Background Thread 1 ] DEBUG PhysicsWorld         - Clearing physics world
15:23:27.018 [FXGL Background Thread 1 ] DEBUG GameScene            - Clearing game scene
15:23:27.020 [FXGL Background Thread 1 ] DEBUG InitAppTask          - Initializing Game
15:23:27.067 [FXGL Background Thread 1 ] DEBUG AssetLoader          - Loading from disk: /assets/json/map5.json
15:23:27.587 [FXGL Background Thread 1 ] DEBUG GameWorld            - Clearing removable entities
15:23:27.587 [FXGL Background Thread 1 ] DEBUG GameWorld            - Setting level from map
15:23:27.621 [FXGL Background Thread 1 ] DEBUG AssetLoader          - Loading from disk: /assets/textures/tiles_12_grand.png
15:23:27.709 [FXGL Background Thread 1 ] DEBUG AssetLoader          - Loading from cache: /assets/textures/tiles_12_grand.png
15:23:27.709 [FXGL Background Thread 1 ] DEBUG AssetLoader          - Loading from cache: /assets/textures/tiles_12_grand.png
15:23:27.710 [FXGL Background Thread 1 ] DEBUG AssetLoader          - Loading from cache: /assets/textures/tiles_12_grand.png
15:23:27.710 [FXGL Background Thread 1 ] DEBUG AssetLoader          - Loading from cache: /assets/textures/tiles_12_grand.png
15:23:27.710 [FXGL Background Thread 1 ] DEBUG AssetLoader          - Loading from cache: /assets/textures/tiles_12_grand.png
15:23:27.710 [FXGL Background Thread 1 ] DEBUG AssetLoader          - Loading from cache: /assets/textures/tiles_12_grand.png
15:23:27.711 [FXGL Background Thread 1 ] DEBUG AssetLoader          - Loading from cache: /assets/textures/tiles_12_grand.png
15:23:27.711 [FXGL Background Thread 1 ] DEBUG AssetLoader          - Loading from cache: /assets/textures/tiles_12_grand.png
15:23:27.711 [FXGL Background Thread 1 ] DEBUG AssetLoader          - Loading from cache: /assets/textures/tiles_12_grand.png
15:23:27.711 [FXGL Background Thread 1 ] DEBUG AssetLoader          - Loading from cache: /assets/textures/tiles_12_grand.png
15:23:27.711 [FXGL Background Thread 1 ] DEBUG AssetLoader          - Loading from cache: /assets/textures/tiles_12_grand.png
15:23:27.712 [FXGL Background Thread 1 ] DEBUG AssetLoader          - Loading from cache: /assets/textures/tiles_12_grand.png
15:23:27.712 [FXGL Background Thread 1 ] DEBUG AssetLoader          - Loading from cache: /assets/textures/tiles_12_grand.png
15:23:27.712 [FXGL Background Thread 1 ] DEBUG AssetLoader          - Loading from cache: /assets/textures/tiles_12_grand.png
15:23:27.712 [FXGL Background Thread 1 ] DEBUG AssetLoader          - Loading from cache: /assets/textures/tiles_12_grand.png
15:23:27.712 [FXGL Background Thread 1 ] DEBUG AssetLoader          - Loading from cache: /assets/textures/tiles_12_grand.png
15:23:27.712 [FXGL Background Thread 1 ] DEBUG AssetLoader          - Loading from cache: /assets/textures/tiles_12_grand.png
15:23:27.712 [FXGL Background Thread 1 ] DEBUG AssetLoader          - Loading from cache: /assets/textures/tiles_12_grand.png
15:23:27.713 [FXGL Background Thread 1 ] DEBUG AssetLoader          - Loading from cache: /assets/textures/tiles_12_grand.png
15:23:27.713 [FXGL Background Thread 1 ] DEBUG AssetLoader          - Loading from cache: /assets/textures/tiles_12_grand.png
15:23:27.713 [FXGL Background Thread 1 ] DEBUG AssetLoader          - Loading from cache: /assets/textures/tiles_12_grand.png
15:23:27.713 [FXGL Background Thread 1 ] DEBUG AssetLoader          - Loading from cache: /assets/textures/tiles_12_grand.png
15:23:27.714 [FXGL Background Thread 1 ] DEBUG AssetLoader          - Loading from cache: /assets/textures/tiles_12_grand.png
15:23:27.714 [FXGL Background Thread 1 ] DEBUG AssetLoader          - Loading from cache: /assets/textures/tiles_12_grand.png
15:23:27.714 [FXGL Background Thread 1 ] DEBUG AssetLoader          - Loading from cache: /assets/textures/tiles_12_grand.png
15:23:27.714 [FXGL Background Thread 1 ] DEBUG AssetLoader          - Loading from cache: /assets/textures/tiles_12_grand.png
15:23:27.714 [FXGL Background Thread 1 ] DEBUG AssetLoader          - Loading from cache: /assets/textures/tiles_12_grand.png
15:23:27.714 [FXGL Background Thread 1 ] DEBUG AssetLoader          - Loading from cache: /assets/textures/tiles_12_grand.png
15:23:27.714 [FXGL Background Thread 1 ] DEBUG AssetLoader          - Loading from cache: /assets/textures/tiles_12_grand.png
15:23:27.714 [FXGL Background Thread 1 ] DEBUG AssetLoader          - Loading from cache: /assets/textures/tiles_12_grand.png
15:23:27.715 [FXGL Background Thread 1 ] DEBUG AssetLoader          - Loading from cache: /assets/textures/tiles_12_grand.png
15:23:27.715 [FXGL Background Thread 1 ] DEBUG AssetLoader          - Loading from cache: /assets/textures/tiles_12_grand.png
15:23:27.715 [FXGL Background Thread 1 ] DEBUG AssetLoader          - Loading from cache: /assets/textures/tiles_12_grand.png
15:23:27.716 [FXGL Background Thread 1 ] DEBUG AssetLoader          - Loading from cache: /assets/textures/tiles_12_grand.png
15:23:27.717 [FXGL Background Thread 1 ] DEBUG AssetLoader          - Loading from cache: /assets/textures/tiles_12_grand.png
15:23:27.717 [FXGL Background Thread 1 ] DEBUG AssetLoader          - Loading from cache: /assets/textures/tiles_12_grand.png
15:23:27.717 [FXGL Background Thread 1 ] DEBUG AssetLoader          - Loading from cache: /assets/textures/tiles_12_grand.png
15:23:27.717 [FXGL Background Thread 1 ] DEBUG AssetLoader          - Loading from cache: /assets/textures/tiles_12_grand.png
15:23:27.718 [FXGL Background Thread 1 ] DEBUG AssetLoader          - Loading from cache: /assets/textures/tiles_12_grand.png
15:23:27.718 [FXGL Background Thread 1 ] DEBUG AssetLoader          - Loading from cache: /assets/textures/tiles_12_grand.png
15:23:27.718 [FXGL Background Thread 1 ] DEBUG AssetLoader          - Loading from cache: /assets/textures/tiles_12_grand.png
15:23:27.719 [FXGL Background Thread 1 ] DEBUG AssetLoader          - Loading from cache: /assets/textures/tiles_12_grand.png
15:23:27.719 [FXGL Background Thread 1 ] DEBUG AssetLoader          - Loading from cache: /assets/textures/tiles_12_grand.png
15:23:27.719 [FXGL Background Thread 1 ] DEBUG AssetLoader          - Loading from cache: /assets/textures/tiles_12_grand.png
15:23:27.719 [FXGL Background Thread 1 ] DEBUG AssetLoader          - Loading from cache: /assets/textures/tiles_12_grand.png
15:23:27.719 [FXGL Background Thread 1 ] DEBUG AssetLoader          - Loading from cache: /assets/textures/tiles_12_grand.png
15:23:27.719 [FXGL Background Thread 1 ] DEBUG AssetLoader          - Loading from cache: /assets/textures/tiles_12_grand.png
15:23:27.720 [FXGL Background Thread 1 ] DEBUG AssetLoader          - Loading from cache: /assets/textures/tiles_12_grand.png
15:23:27.720 [FXGL Background Thread 1 ] DEBUG AssetLoader          - Loading from cache: /assets/textures/tiles_12_grand.png
15:23:27.720 [FXGL Background Thread 1 ] DEBUG AssetLoader          - Loading from cache: /assets/textures/tiles_12_grand.png
15:23:27.720 [FXGL Background Thread 1 ] DEBUG AssetLoader          - Loading from cache: /assets/textures/tiles_12_grand.png
15:23:27.720 [FXGL Background Thread 1 ] DEBUG AssetLoader          - Loading from cache: /assets/textures/tiles_12_grand.png
15:23:27.721 [FXGL Background Thread 1 ] DEBUG AssetLoader          - Loading from cache: /assets/textures/tiles_12_grand.png
15:23:27.721 [FXGL Background Thread 1 ] DEBUG AssetLoader          - Loading from cache: /assets/textures/tiles_12_grand.png
15:23:27.721 [FXGL Background Thread 1 ] DEBUG AssetLoader          - Loading from cache: /assets/textures/tiles_12_grand.png
15:23:27.721 [FXGL Background Thread 1 ] DEBUG AssetLoader          - Loading from cache: /assets/textures/tiles_12_grand.png
15:23:27.721 [FXGL Background Thread 1 ] DEBUG AssetLoader          - Loading from cache: /assets/textures/tiles_12_grand.png
15:23:27.722 [FXGL Background Thread 1 ] DEBUG AssetLoader          - Loading from cache: /assets/textures/tiles_12_grand.png
15:23:27.722 [FXGL Background Thread 1 ] DEBUG AssetLoader          - Loading from cache: /assets/textures/tiles_12_grand.png
15:23:27.722 [FXGL Background Thread 1 ] DEBUG AssetLoader          - Loading from cache: /assets/textures/tiles_12_grand.png
15:23:27.722 [FXGL Background Thread 1 ] DEBUG AssetLoader          - Loading from cache: /assets/textures/tiles_12_grand.png
15:23:27.722 [FXGL Background Thread 1 ] DEBUG AssetLoader          - Loading from cache: /assets/textures/tiles_12_grand.png
15:23:27.723 [FXGL Background Thread 1 ] DEBUG AssetLoader          - Loading from cache: /assets/textures/tiles_12_grand.png
15:23:27.723 [FXGL Background Thread 1 ] DEBUG AssetLoader          - Loading from cache: /assets/textures/tiles_12_grand.png
15:23:27.723 [FXGL Background Thread 1 ] DEBUG AssetLoader          - Loading from cache: /assets/textures/tiles_12_grand.png
15:23:27.723 [FXGL Background Thread 1 ] DEBUG AssetLoader          - Loading from cache: /assets/textures/tiles_12_grand.png
15:23:27.723 [FXGL Background Thread 1 ] DEBUG AssetLoader          - Loading from cache: /assets/textures/tiles_12_grand.png
15:23:27.723 [FXGL Background Thread 1 ] DEBUG AssetLoader          - Loading from cache: /assets/textures/tiles_12_grand.png
15:23:27.723 [FXGL Background Thread 1 ] DEBUG AssetLoader          - Loading from cache: /assets/textures/tiles_12_grand.png
15:23:27.723 [FXGL Background Thread 1 ] DEBUG AssetLoader          - Loading from cache: /assets/textures/tiles_12_grand.png
15:23:27.723 [FXGL Background Thread 1 ] DEBUG AssetLoader          - Loading from cache: /assets/textures/tiles_12_grand.png
15:23:27.723 [FXGL Background Thread 1 ] DEBUG AssetLoader          - Loading from cache: /assets/textures/tiles_12_grand.png
15:23:27.723 [FXGL Background Thread 1 ] DEBUG AssetLoader          - Loading from cache: /assets/textures/tiles_12_grand.png
15:23:27.725 [FXGL Background Thread 1 ] DEBUG AssetLoader          - Loading from cache: /assets/textures/tiles_12_grand.png
15:23:27.725 [FXGL Background Thread 1 ] DEBUG AssetLoader          - Loading from cache: /assets/textures/tiles_12_grand.png
15:23:27.725 [FXGL Background Thread 1 ] DEBUG AssetLoader          - Loading from cache: /assets/textures/tiles_12_grand.png
15:23:27.725 [FXGL Background Thread 1 ] DEBUG AssetLoader          - Loading from cache: /assets/textures/tiles_12_grand.png
15:23:27.725 [FXGL Background Thread 1 ] DEBUG AssetLoader          - Loading from cache: /assets/textures/tiles_12_grand.png
15:23:27.725 [FXGL Background Thread 1 ] DEBUG AssetLoader          - Loading from cache: /assets/textures/tiles_12_grand.png
15:23:27.725 [FXGL Background Thread 1 ] DEBUG AssetLoader          - Loading from cache: /assets/textures/tiles_12_grand.png
15:23:27.725 [FXGL Background Thread 1 ] DEBUG AssetLoader          - Loading from cache: /assets/textures/tiles_12_grand.png
15:23:27.725 [FXGL Background Thread 1 ] DEBUG AssetLoader          - Loading from cache: /assets/textures/tiles_12_grand.png
15:23:27.725 [FXGL Background Thread 1 ] DEBUG AssetLoader          - Loading from cache: /assets/textures/tiles_12_grand.png
15:23:27.726 [FXGL Background Thread 1 ] DEBUG AssetLoader          - Loading from cache: /assets/textures/tiles_12_grand.png
15:23:27.726 [FXGL Background Thread 1 ] DEBUG AssetLoader          - Loading from cache: /assets/textures/tiles_12_grand.png
15:23:27.727 [FXGL Background Thread 1 ] DEBUG AssetLoader          - Loading from cache: /assets/textures/tiles_12_grand.png
15:23:27.727 [FXGL Background Thread 1 ] DEBUG AssetLoader          - Loading from cache: /assets/textures/tiles_12_grand.png
15:23:27.731 [FXGL Background Thread 1 ] DEBUG GameScene            - Creating render group for layer: BACKGROUND(1000)
15:23:27.736 [FXGL Background Thread 1 ] DEBUG AssetLoader          - Loading from cache: /assets/textures/tiles_12_grand.png
15:23:27.737 [FXGL Background Thread 1 ] DEBUG AssetLoader          - Loading from cache: /assets/textures/tiles_12_grand.png
15:23:27.737 [FXGL Background Thread 1 ] DEBUG AssetLoader          - Loading from cache: /assets/textures/tiles_12_grand.png
15:23:27.738 [FXGL Background Thread 1 ] DEBUG AssetLoader          - Loading from cache: /assets/textures/tiles_12_grand.png
15:23:27.738 [FXGL Background Thread 1 ] DEBUG AssetLoader          - Loading from cache: /assets/textures/tiles_12_grand.png
15:23:27.738 [FXGL Background Thread 1 ] DEBUG AssetLoader          - Loading from cache: /assets/textures/tiles_12_grand.png
15:23:27.738 [FXGL Background Thread 1 ] DEBUG AssetLoader          - Loading from cache: /assets/textures/tiles_12_grand.png
15:23:27.738 [FXGL Background Thread 1 ] DEBUG AssetLoader          - Loading from cache: /assets/textures/tiles_12_grand.png
15:23:27.738 [FXGL Background Thread 1 ] DEBUG AssetLoader          - Loading from cache: /assets/textures/tiles_12_grand.png
15:23:27.739 [FXGL Background Thread 1 ] DEBUG AssetLoader          - Loading from cache: /assets/textures/tiles_12_grand.png
15:23:27.739 [FXGL Background Thread 1 ] DEBUG AssetLoader          - Loading from cache: /assets/textures/tiles_12_grand.png
15:23:27.740 [FXGL Background Thread 1 ] DEBUG AssetLoader          - Loading from cache: /assets/textures/tiles_12_grand.png
15:23:27.740 [FXGL Background Thread 1 ] DEBUG AssetLoader          - Loading from cache: /assets/textures/tiles_12_grand.png
15:23:27.742 [FXGL Background Thread 1 ] DEBUG AssetLoader          - Loading from cache: /assets/textures/tiles_12_grand.png
15:23:27.742 [FXGL Background Thread 1 ] DEBUG AssetLoader          - Loading from cache: /assets/textures/tiles_12_grand.png
15:23:27.742 [FXGL Background Thread 1 ] DEBUG AssetLoader          - Loading from cache: /assets/textures/tiles_12_grand.png
15:23:27.743 [FXGL Background Thread 1 ] DEBUG AssetLoader          - Loading from cache: /assets/textures/tiles_12_grand.png
15:23:27.743 [FXGL Background Thread 1 ] DEBUG AssetLoader          - Loading from cache: /assets/textures/tiles_12_grand.png
15:23:27.743 [FXGL Background Thread 1 ] DEBUG AssetLoader          - Loading from cache: /assets/textures/tiles_12_grand.png
15:23:27.743 [FXGL Background Thread 1 ] DEBUG AssetLoader          - Loading from cache: /assets/textures/tiles_12_grand.png
15:23:27.743 [FXGL Background Thread 1 ] DEBUG AssetLoader          - Loading from cache: /assets/textures/tiles_12_grand.png
15:23:27.743 [FXGL Background Thread 1 ] DEBUG AssetLoader          - Loading from cache: /assets/textures/tiles_12_grand.png
15:23:27.744 [FXGL Background Thread 1 ] DEBUG AssetLoader          - Loading from cache: /assets/textures/tiles_12_grand.png
15:23:27.744 [FXGL Background Thread 1 ] DEBUG AssetLoader          - Loading from cache: /assets/textures/tiles_12_grand.png
15:23:27.745 [FXGL Background Thread 1 ] DEBUG AssetLoader          - Loading from cache: /assets/textures/tiles_12_grand.png
15:23:27.745 [FXGL Background Thread 1 ] DEBUG AssetLoader          - Loading from cache: /assets/textures/tiles_12_grand.png
15:23:27.745 [FXGL Background Thread 1 ] DEBUG AssetLoader          - Loading from cache: /assets/textures/tiles_12_grand.png
15:23:27.745 [FXGL Background Thread 1 ] DEBUG AssetLoader          - Loading from cache: /assets/textures/tiles_12_grand.png
15:23:27.745 [FXGL Background Thread 1 ] DEBUG AssetLoader          - Loading from cache: /assets/textures/tiles_12_grand.png
15:23:27.745 [FXGL Background Thread 1 ] DEBUG AssetLoader          - Loading from cache: /assets/textures/tiles_12_grand.png
15:23:27.746 [FXGL Background Thread 1 ] DEBUG AssetLoader          - Loading from cache: /assets/textures/tiles_12_grand.png
15:23:27.746 [FXGL Background Thread 1 ] DEBUG AssetLoader          - Loading from cache: /assets/textures/tiles_12_grand.png
15:23:27.746 [FXGL Background Thread 1 ] DEBUG AssetLoader          - Loading from cache: /assets/textures/tiles_12_grand.png
15:23:27.746 [FXGL Background Thread 1 ] DEBUG AssetLoader          - Loading from cache: /assets/textures/tiles_12_grand.png
15:23:27.746 [FXGL Background Thread 1 ] DEBUG AssetLoader          - Loading from cache: /assets/textures/tiles_12_grand.png
15:23:27.746 [FXGL Background Thread 1 ] DEBUG AssetLoader          - Loading from cache: /assets/textures/tiles_12_grand.png
15:23:27.746 [FXGL Background Thread 1 ] DEBUG AssetLoader          - Loading from cache: /assets/textures/tiles_12_grand.png
15:23:27.747 [FXGL Background Thread 1 ] DEBUG AssetLoader          - Loading from cache: /assets/textures/tiles_12_grand.png
15:23:27.747 [FXGL Background Thread 1 ] DEBUG AssetLoader          - Loading from cache: /assets/textures/tiles_12_grand.png
15:23:27.747 [FXGL Background Thread 1 ] DEBUG AssetLoader          - Loading from cache: /assets/textures/tiles_12_grand.png
15:23:27.747 [FXGL Background Thread 1 ] DEBUG AssetLoader          - Loading from cache: /assets/textures/tiles_12_grand.png
15:23:27.747 [FXGL Background Thread 1 ] DEBUG AssetLoader          - Loading from cache: /assets/textures/tiles_12_grand.png
15:23:27.747 [FXGL Background Thread 1 ] DEBUG AssetLoader          - Loading from cache: /assets/textures/tiles_12_grand.png
15:23:27.747 [FXGL Background Thread 1 ] DEBUG AssetLoader          - Loading from cache: /assets/textures/tiles_12_grand.png
15:23:27.756 [FXGL Background Thread 1 ] DEBUG AssetLoader          - Loading from cache: /assets/textures/tiles_12_grand.png
15:23:27.756 [FXGL Background Thread 1 ] DEBUG AssetLoader          - Loading from cache: /assets/textures/tiles_12_grand.png
15:23:27.757 [FXGL Background Thread 1 ] DEBUG AssetLoader          - Loading from cache: /assets/textures/tiles_12_grand.png
15:23:27.764 [FXGL Background Thread 1 ] DEBUG GameScene            - Creating render group for layer: DEFAULT(100000)
15:23:27.769 [FXGL Background Thread 1 ] DEBUG AssetLoader          - Loading from disk: /assets/textures/mouse_fin.png
15:23:27.776 [FXGL Background Thread 1 ] DEBUG AssetLoader          - Loading from disk: /assets/textures/pnj.png
15:23:27.782 [JavaFX Application Thread] FATAL FXGL                 - Uncaught Exception:

Fatal exception occurred: java.lang.NullPointerException : null
E: rpgapp.RPGApp.initGame(RPGApp.java:56)
E: com.almasb.fxgl.app.GameApplication.internalInitGame(GameApplication.java:238)
E: com.almasb.fxgl.app.LoadingState$InitAppTask.initGame(AppStates.kt:168)
E: com.almasb.fxgl.app.LoadingState$InitAppTask.call(AppStates.kt:138)
E: com.almasb.fxgl.app.LoadingState$InitAppTask.call(AppStates.kt:127)
E: javafx.concurrent.Task$TaskCallable.call(Task.java:1423)
E: java.util.concurrent.FutureTask.run(FutureTask.java:266)
E: java.util.concurrent.Executors$RunnableAdapter.call(Executors.java:511)
E: java.util.concurrent.FutureTask.run(FutureTask.java:266)
E: java.util.concurrent.ThreadPoolExecutor.runWorker(ThreadPoolExecutor.java:1149)
E: java.util.concurrent.ThreadPoolExecutor$Worker.run(ThreadPoolExecutor.java:624)
E: java.lang.Thread.run(Thread.java:748)

15:23:27.783 [JavaFX Application Thread] FATAL FXGL                 - Application will now exit
15:23:27.783 [JavaFX Application Thread] DEBUG LoopRunner           - Stopping loop
15:23:32.443 [JavaFX Application Thread] DEBUG FXGL                 - Exiting FXGL
15:23:32.444 [JavaFX Application Thread] DEBUG FXGL                 - Shutting down background threads
15:23:32.444 [JavaFX Application Thread] DEBUG FXGL                 - Saving FXGL system data
15:23:32.451 [JavaFX Application Thread] DEBUG DesktopFSService     - Writing to: system\fxgl.bundle
15:23:32.465 [JavaFX Application Thread] DEBUG FXGL                 - Closing logger and exiting JavaFX
